0013KILLER
0016JS6089
001BlackDuck
001India
002SHARKY002
0047F21B
004BA67A
004J8FHR
0055DOGS
005BOROS
005poprolyaT
007&Flin
007Hatake
007huutjE
007Speci
007SPIKE
007Twine
007Viking$007
007Wieng
007Wiepom
007XYZ2005
0099Yohomy
hamamessi
00bRbR00in
00CrazyW
00dauheZ
00Dinder
00Gear00
00Gr3CcE8400
00HACK00
00HALLO00
00HaLlOdU00
00Maniac
00Mapfre
00Monica
00Outdoo
00poloG0
00RgRg00
00TenchU00
00thuAa29
00Thym1k0n
00THYxxz8
00un1Dead
00WINKY00
0103Vamp
0108Jarnagard
010KCl7528
0110Peace
0110ZXBu
0113Lliz
0121do1George
0123QWER
012Arda123
0152BRAMcor
017iJSS221
0190Weinhold
01AOUT67
01Bullet1
01Dak0ta
01eK9cZ675
01Gregory
01Houritis
01Hummel
01JAnuary*^
01joonasP02
01Link05
01miasmA10
01Mongoose
01OneTime
01q9fTK426
01QEIvr887
01Richie
01Soldat
01Soldats
01Succes
01Target
01Zedekiah
0206.SEVmoi
021KALERA
0220LiFe
0225WW0225
022DSV19
025ExHaku
02Acurar
02Ba07Cm06
02FatB0y
02Firehead
02holNs8
02le@der$hIP
02Mallick
02Mick10
02Richar
02S1983G
02Taurus
02TDfy5634
02Toby02
02Tundra
02USRGL977
0302Liebe
031kKs49
0322Flor
035NRPtzR
036JCoon
03AoPrT5
03B1ng001
03CHARLI
03GmSec8
03GOAN08
03I51cGiM
03July1985
03Sep2007
03tvDUy5
03ZNcRZX
0422Xanadu
0451eduD
04aoAtE198
04Aug07@
04DAKOTA
04FCschalke
04Gh0504
04HDfatboy
04HDvrod
04McGlew
04NATALI
04Tralablast05
04WUBZY293
0503Hansen
0503Vera92
05Apo12Blade
05aRYa08
05Dracul
05Dtrade06
05Hayabusa
05M11A88
05Pole0289
05Venom1
05vusfV419
0609CHAMP
06Allan1283
06ChelMc
06Deutsc
06FevrieR
06ioBBD485
06Juin1944
06Lancer
06Magpies
06MooreG
06Mustan
06N1PWns
0702vhqBH
0703Emma
0708Jonas
0708JonasCharlie
0708Marlon
0709JACOB
0724JAde
0725I99o
073QfR23
073Weber073
07Apples
07arunFx
07AZa0zJ
07Bentley
07Boomer
07bpRGW196
07Carlos
07Death1
07eLf1975s
07FearmE
07Maart1987
07Manifest66
07Nightrain
07NOV1966
07RR95D368
07Sani84
07sTpFZ915
07TVBFG4
07xmX827
07Zo8kbL
0801MISTER
0810Fede
0847TT08
088as5689Dos
08Ashole
08BattlefielD
08Dakota
08Dec1989
08FEV1986
08GO7SB375
08Monster
08Mvd@34
08Newueser
08NiNja02
08oHgo1872
08s11N02
08sATqn852
08TDot416
08TYSce843
08ZEROEIGHT08
0909Pound
0910Queena
0910Transfer
0918Rheenen
098qwZCB
099waLLl
09A5MUCO
09alenMF
09ALICIA
09asdF01
09AshCar
09AVRIL1983
09Castro
09Eagles
09FARINE
09GameLager
09Ka0f8114
09M1lz106
09March1
09Mutterlieb3
09pKhzN537
09Spectre
09Szyp71
09V9UWL9
0A14alzz
0A25KGK97
0aCL7hIB
0aDGoz6821
0Adracula0A
0Amjith0
0AQWZSXEDC
0Ax2DVb925
0Battle-hero7
0Bl1v10n
0BledP1r
0blivioN
0Bo$ton0
0Bou08fe
0BruN224
0bteAap1
0bvwtHqK
0ceanBlu
0cfA2H01
0CH029A1
0CIDTBO7
0cstaart2O
0cXRkjW716
0d0ll7K6
0dA5qMo3qd
0DDity04
0dDVfzA395
0dzH4KU869
0e3enTm3
0Effect1
0EjDHjc4
0Ep4s58b
0ERNPIF0
0Fa9um8d
0Fbzx1t2
0fFiC3|7
0ffSpring43v3r
0fimrlO5
0fRh75B4
/0g1t#cH
0Garion0
0GcaCaX335
0gcVHag426
0gF15RC812
0GIV7d4277
0gJBS1C7
0GoLumesT
0goVBtX162
0Gravity
0Great61
0H1OoYe696
0h7ouK7232
0h7ZAsk9
0h7ZAsk929
0Hanlon1
0HaxYes1
0heC4xy1
0HelHorn0
0Himalaya
0hIwA2hL
0Hooxagods
0I9HPXX5
0Ibrahim
0IeEX4B3
0IG94gG583
0IGPVG3355
0IQDgNo858
0J46tJA891
0J7X7862
0jcffEL912
0jessieD
0JFGJFG0
0JRSEXY951
0k5PW2ta
0kithxbyE
0KoSwob2
0KOUtCQe
0KYjzOD7
0LEN8CB237
0LONf091
0LwEB9L471
0LWkuC71
0lwlBvS6
0m479Ow5
0m4YXs67d034
0marAndr
$0mBrer0
0mdRWPF685
0megaMod
0mGanesh
0mgL0LWh00ps
0mgwtfbbQ
0mgWTFdud3
0mnipOtec
0mNufJH418
0mTB6004
0N0i0g0h
0NeuroLock
0neWeak-
|0ng7iZ2
0NHHmZk559
0nL1N34L
0nlin3P3ng1
0nrkYgQ785
0ntheEdge
0O9i8u7y
0o9i8u&Y
0OhATqX355
0oIh1rvQUF
0OkEAcg715
0okm9ijN
0Okmnji9
0okm)OKM
0ok)OK0o
0ORE8Fm861
0owwmAx6
0p2tyOs599
0P3n535aM3
0p3nth3B0x
0p9o*I&U
0Penminded2
0penSesa
0Pertunitie$
0Ph77ui799
0PIcJIx491
0Pierre0
0pkp22D6
0Pportunity
0pro813mO
0PuzFGS498
0PvG7et212
0pwwKnA933
0PXcxe53
0Q7cHxH748
0Q9Er6z525
0qfzFrZ7
0qI4CFHu
0QkwufB4
0qkXnU9884
+0-Quella
0QviSkS343
0Qwerty9
0qzrbDfp
0r10n@BH
0r30M00s3
0r35p0U864
0r6ESbJ6
0R7EN8er6
0r9FRpm352
0randomTask1
0rang3r0ck3T
0Rangensaft
0Rch3str4
0Requiem
0riGinal
0RLKzvN586
0rnitHopter
0roaWia7
0RZiNtO715
0saKa217
0saW8zP346
0sbj2Tv195
0scarBun
0Securit
0Ser5Zu758
0SkaruleS0
0SsM4chT
0Superliver
0SZW9NT3
0TBUO2l165
0TcAalN439
0therL@nd3
0ToBitch
0tPCmuk498
0tybpZW7
0U1kmmS273
0uCI69a1
0udeKatje
0ui8Hxy3
0uJgFQG892
0ukTaVr456
0uUaAfg574
0v3rl0rD
0v3rSit3
0Verbose
0VLrOCY456
0vpzmDO7
0w1PuoMp
0WI85nd9
0x4s3O5e
0x9ZTwD818
0Xcalibr
0XXPsaI569
0Y81QnZ796
0YazQdA818
0Ygtbfkm
0Ylith75
0Z085I5Hn
0zD5FHZ699
0ZS3bVu189
0ZT9Ef3736
0ZzHLCn374
1001Saxo
1005Stef
100%Atheist
100Bronx
+100Chee
100%Crit
100FatBoys
100FUEGO
100Gigabytes
100Grand
100MONGO
100NAT23
100Reasons
100%Sexy
100Torte6
1010Imperial1010
1011JDax
1011Timo
1012POLA
1013Kris
101Cerbunit
101Reykj
101stADWW
101TRICSTER
1025.Holla5
1026Zwang
1027KDAG
102Oct83
103Br213
103Maple
103RY739
1056eaTT
1062IhwD
$107v908M
1080Avalanche
1080Sher
108Pepley
108Tintin
108W0lf5208
1093M1147
10Adam96
10AtLenhe
10Aug198
10b7Wgq639
10Base100
10BFonline01
10Billio
10Daysoff
10Dollars
10ESTher!2
10FOXY18
10Gaga01
10gBhotW
10Ger3kk4
10Hammers
10Heroes06
10Houghton
10K1a2K3a422
10kEsheB
10Killer
10kleineNeger
10Lanthe
10Lettmelk
10Lifeha
10MEI1946
10milLion
10nEngin
10Nissans
10Nov2008
10QPALzm
10Rralph
10Strings
10_Television
1100Sport
1101Cabzd
1101ecDC
1103SeLa
1108Astr
110O2o77
1122Heroes11
112B5X32
112Geder
112Sjekie
112Thanks112
1131EnzRomero
1133BEAR
1142Union
1146Mary
1156Bernt
115TV160
117SnowmaN
1191Park
119thMPCO
11Ackbld
11ALFIEeifla
11Aprilie
11Bailey
11Bandit
11BlackD0ts
11Connect
11Cynthi
11D23u82
11Depper
11Eeroft11
11FAAD11
11Frogs!
11GiZZo11
11Gofish
11Goku11
11Griggo
11Japan9
11Juni1991
11Karmel
11Kippen
11.Legion
11Lilacs
11LineDrawing
11MAY2008
11Monste
11Natpre
11nef47Ys
11PhIlIp02
11R0NO97
11Ronnie
11Sameer22
11Sarato
11Spooky
11Tasane
11UTDqo858
11Vanilla
11Yankee
11Yggdrasil11
11Yuukan
11yyPQw875
1200Curfews
1203RidgeRoad
1209QWOI
1209qwpoZM
1210Fl1N
1211Katse
1212Leelee
1215Gerard
1217Vinc3
1221RzHCa89
122Eagan
1230EMELY
123*456B
1234AAaa
1234abCD
1234Abcd
1234AbCd
1234AbCdE
1234abcdPS3
1234ABDE
1234ANNIEHUYNH
1234Appl
1234ASdf
1234Bria
1234Conn1234
1234Daniel
1234GoGo
1234Hams
1234ILOVEU
1234Inter
1234Kell
@@1234Qq
1234qweR
1234Qwer
1234QWER
1234qwerT
1234Scott
1234-Zehn
123A456a78
123A456b
123Aa123
123AB89b
123abcAB
123ABCDE
123ABCGP
123Aderthad
123Aggro
123Ambiel321
123AnderS
!@#123AS
123Asd123
123Asdfghjkl;'
123Aylin123
123BABYGIRL
123Bajas
123Baylo
123BH321
123BlodBlod
123Bob_Gear
123Caleb
123Camden
123Carlo
123CC200
123Cheech
123Chees
123Ch@nd
123Chore
123CLoCK1
123Cooper456
123CUTEMODEL
123dAn373
123Dancer12
123dAsCu007
123DERman
123DestroyDestro
123Dolcevita
123Dolly
123e3g345K
123EASTH
123Ecktisch
123Emiel
123ESEL789
123Esperto
123Floor
123Glatza456
123GoogleIsGood
123_GTA_123
123Guardian
123Gustchen123
123HAMSTER
123Hello
123HelloMe
123hJhJ753
123ILOVE
123Iloveme
123India
123IThks
123IThks123
123JACHOWNS
123Jahtay
123JESUS
123Joe456
123KISS123
123kOnradO123
123Kunju
123LAN456GARD
123laughHAHA
123Leetah123
123.LElapin
123LifeH
123lolPoP;
123LOVEYA
123MACONGMING
123Melbourne
123Metal
123Mnbvcxz
123Opeth
123OPmek12
123PANZERFAUST
123Parool123
123!Pass
123playwithM
123PLOOP
123pqweasdPH
1!2@3#qQ
123-.,QwE
123qwe123Q
123qweAS
123QWEas
123qweASD
123QWEasd
123Qweds
123.qwe.GUNIT
123qweQWE
123qweR4
123QWERT
123qwertyBAT
123Rina321
123ROCKS
123Rohlinge
123rubiconB
123SCENIC
123Scott
123SiLjE456
123SL7QS
123Soeinmist456
123Spela
123Spele
123Spill
123Stella
123Tansy
123TaTaT
123Timo123
123Tpro1
123Truk321
123Veskimaja321
123Volvo
123Vregelaar
123Welkom
123Wurzel-2
123wwaaH
123XD123
123xXx321
123YWpass
123Zankaboom
1240Juan
1244JoJo
124Albertt
124nAthAn
124SORRY
125QWERTY
1275HIF44
127SCOTT
1280rltM
128Zandren
1291Pascal
1296stephY
12A30B65C
12ABJIM12
12AlphA21
12amoreZ
12Andrew
12Ann34K
12ASDyxc
12AUG1974
12B56ter
12BAlint
12bDGDYE
12bigbanG
12buklSHOE
12cli67PS
12Consum
12CYBERflix34
12Dan638
12DEC1992
12December
12DragoN@@
12Ferrar_i
12FLoz35
12Gerhard
12gg87NN
12GhweriG
12Hadoke
12Hallo34
12Has0r34
12HighStreet
12Jobson
12JUFU5381
12Kafour
12Kevin34
12king12A
12Klipfisk
12Kumakun
12Lithium21
12Lordi-
12MAKAKOS
12MApapa
12Markus34
12Master34
12Merlin
12MICHEL
12Monkey
12Monkeys
12Moremo
12Nani04
12NewGame21
12noOse1
12Nqwo..
12Overflow
12panA90
12Parcel
12PC1989
12Perkele
12Piglet34
12Poiuyt
12QQ12WW
12Qrvata
!@12QWas
12!@QWas
12qwASZX
12QWaszx
12QWASzx
12#$qwER
12qw!@QW
12qwQWAS
12Regici
12Rimmel
12Sebastian
12Secure
12Skunky
12slEEp34
12Storer
12Sydney
12TAPONDOG
12Taurus89
12Tech90
12UCYTG8
12Walk34
12We20d3
12WHEEZE
12Whistler
12Whoppers
12Wie30N
12z3fNIK
12Zero34
1302Park
1303kSyc
1309Luki1996
1310Heroes
1311LR31
131KaAn0897
1324wWeR
1326Stupid
132DaN132
132Hello132
1337Amis
1337_Andi
1337B1tch
1337bfhT86
1337Bokuto
1337Drhin0
1337G@lors
1337HappyPlace
1337Hax0r
1337M0nk
1337Mill
1337Miller
1337Noodle
1337Outwar
1337Pally
1337Peanut
1337Peter
1337P@ssW0rd
1337Pwnz
1337Soup
1337Waffel
133T5p3@k
133tNinj
134mhaF9
1357Carr
1357SVHNiggo
135jJR42
135TL246
1366TaNks
1369Club
1379Asdf
1379tlKen
1397Man_Utd
13AFRIEDBERG
13B01P01
13cHa910
13ChuMaZ
13Clover
13Coldsteam
13CUNT13
13cvjRZ913
13Deahtman52
13Destro
13Downunder09
13Dragon69
13dreiZehn13
13Griver
13HIGHLA
13Jahre13
13KvarKar
13Ltvjhrfwbz2
13Ma11Pa78
13Marmit
13Mojo37
13Nafisa
13NairolF37
13Nozzy13
13Obelix!!
13oekentaS
13oozieC
13P08MpH
13Penney
1@3QEwasdZX
13Sept1956
13TaylorCres
13Thirte
13Tierney
13TONY02
13Turtles
13Vaude11
13Werter1992
13X13X13
1411Clay
1417Janh
1417Zeratul
1418ClasH
1421OPHAIN
142Hwy15
1430Mask
1430XMJW
143Carri
143Jenn@
143Marvin
143Monic
143Nobody
143SAMMY
1453bA387*
1455LK81N
146AbF679
146ATJMJT
146Dudley
147Elise
147Snook
1488FLFL
1489Signature
1492Sky4
14A39vsh
14amandA
14Andreas
14Austin
14BALLERINA14
14Cqlupi
14Dic1971
14FEB1966
14FEBruary
14Foxney
14Greenhill
14Hudson
14JdH2T942
14Jesus2
14m1r0nM4n
14?Niclas
14PsH419
14S02C88
14thMarch
14=Thoming
14tL24tW
14XPspeed
14Yawner
150aaRaLh
1511Koye
1520Samsung
1527A168
1552Nike
157G2iLp
1588MARC
1597Carlito
159Ahmed
159AQW753zsx
159kowalPL
15AQbZR1
15Bangor
15Cspl0142
15Fifteen
15Goddes
15Happiness
15Heroes71
15Ie2im4
15Julial
15July77
15LooZeR51
15Manson07
15Matthias05
15May1970
15orihcI
15Ratord
15Rockstar
15YxhDude
15Z9lEb346
1601liSa
1625Papi
163D60D3A2
1664POWA
1668Whit
166HANSOM
1684Klem
1687Dan*
16ColaBlikjes
16Florian
16Jasmin
16Machin
16MO0165
16Mondeo87
16NaP02Kr
16Niggas
16Tubby1
16UZzUe688
16Yama104
1700Neok
1710Bsc1994
1723BETT
1726Head
173e9aHP3c10Nov7
174Hd84#
1759West
1775USmc
1784Etjs
1789Rose
17Babfat86
17-BHXIDL
17eX17iT
17guBBar
17guBBarbeta
17Havaro
17Jenny64
17MFp0291
17n6FpN233
17Nov196
17O1Delt
17Rehana
17Suus09
17Walter03
17Warsaw
17Zulu17
1800E8F930
1800EatS
1812Jock
1816Kami
1823EL62
1832@Hawk
183FWang
1841Ga12
1854Ii009
1869Prod
186WdqZ755
187murD3r3r
*187Rapture
187Vegeta
188Huca79d
1892Ajax
1896_Hannoi
1896Rome
18ANPi67
18April1979
18Doodle18
18etnRED
18lU04gA
18November
18PEYTON
18S07Q89
18Sweetness21
18Undead
18Wheele
18YearsVok
1902HEGil
1906Tvil
1912Sw44
1915Queenie
1924Rayito
192Apple
1937DZ!!
1947ALBE
1949Florence
1949Ford
1956ELME
1957MAANAM
1958Jabro
1959Away
1960GOTTI
1960Hayes
1963Gizm
1964TAUI012
1966F100
1966Marc
1967Mu$t@Ng
1968Dart
1968DJBT41
1968@MjM
1969TERE
1970Anik
1970HEMI
1970Tuco
1972AZER
1972Happy
1973DATS
1974lirdyH
1975L120
1975NBHS
1975sept15TH
1976Elle
1976FREDELY
1976Ma77hias
1980Lion
1980Phillies
1981Beta
1981Hizz
1981METU
1981Wolf50
1982Gonzo
1982Henderson
1982Leon
1982LEXXLOKI
1982WANKer
1983Looser
1983Maccas
1983Steppe
1984AcuraTL
1984Olba
1984TEUBESC
1985Baca
1985Benc
1986Camaro
1986Mets
1986Supr
1987CJHe
1987Rol93
1988Dart
1988Jetta
1988South
1989Andrius
1989Arnhem
1989Arshi
1989FiXe28
1989Fodbold
1989Lizzie
1989TERA
1989Toyo
1991DOrci
1991Flodder
1991Grudzien
1991Jun29
1991MurphyLee
1991Piis
1991taxI
1992David31
1992DTdt14
1992Elden
1992jER=
1992Ricii
1993Geonna
1993Michi
1993REVERIE1993
1994David
1994Elli
1994FOX1
1994FX04
1994Kate
1994shinobiK
1994SWSW
1996Britt
1996Impa
1996May16
1997Claire
1997Horses
1998KK234
19AD00FA
19Angelface
1;9At6_C
19AuroN84
19Autumn66
19Avenge81
19Beatles62
19Beaver95
19BlackMail91
19bOOGIE86
19Boris20
19Bort80
19Boulde
19Chevelle68
19Clansman62
19Doroth
19Elliot
19Enterp
19Everet
19Fitto79
19Flocci
19Flocci86
19FordMustang67
19Frogma
19Fuckus91
19GpaSg2
19Harvey
19iepSS6
19INFEA86
19Jenell
19Jlr28as
19KILO10
19Klemi72
19LAlr90
19LgW9g167
19M18n17
19MaRiE25
19MasteR69
19Mats$6
19Mazdat88
19Monster81
19Moochi
19Mustang
19Mustang67
19n8Ouc5
19Nawrik96
19onYx89
19Pa70Ji
19PINE1955
19Presto
19ReFox68
19Star91
19T0RAG93
19Thomas
19ts2XpG7
19uzpp4bKU
19Warlord20
19Wheels
1A12B123C4321
1a1a1a1A
1a1A2b3C5e
1A2B3C321
1a2b3c4D
1a2B3c4D
1A2b3c4d
1A2B3C4D
1A2b3c4d5e
1A2b3G0p
1a2l3e4xA
1a2szXczXc
1A2Z3e4r
1A2Z3E4R
1A4t1Ve8
1a87S349
1aaAAaa1
1AakEIh8
1Aasdfgh
1aBc4IfI
1Ac4ivV1
1ADONAIe
1aEqzYn1
1Afrika2
1ag0npYCF
1Aio6b9zrP
1AiraM69
1AirsofT1
1Ajistheman
1Alexander
1Alfa4Romeo7
1ambalayA
1amcowWILLrulz
1amG00nEr
1Andrew1z
1Anniw0rld1
1Anonymo
1AoEOsT8
1Applepie2
#1Apples
1AQW2ZSX
1AQW2ZSX3EDC
1Arcligh
1a@S3e4r5t
1Assword
1Asterix2
1Attack&
1.August1848
1Austral
1axjLYT145
@1b47xtL
1BABADEDA.
1BABYGURL
1Baggins
1Bailey!
#1Baller
1Ballet1
1BAnana2
1bAnd1t47
1Barsch2
1BastarD
1Battle2
1Battlefield
1Bc29kL61R
1Beatles
1beDuseY
1Berklee
1Berlin3
1bgran5D2
1bHauke2z
1BigPass
1BIGsulk
1Bigtuna
1B@lloon
1Bloodann2
1bloodlusT
1BMatBH1
1BOBBYbobby
1Bojan3.
1Botswan
1Bouncer
1Breathe
1Brittany
1Broxius1
1BRUSTERS
1BT3Zn5215
1bUbybIn
1Buitenbaan
1Bullmoo
1BureK23
1Burritos
1buttplugsAS
1BuzzieW
1Bwmwhwbz
1Bythea85
1C0br974
1C48KL7T98M3
1!Calvin
1Camille
1Canada_
1CanebagnatO1
1Captain@123
1CATDOG1
1CBCtech
1CEblade
1CEman1ac
1CHA3kp1
1CHARLES
1Charlie1
1CheshireCatGrin
1Chewiepie
@1Chicago@1
1Chickenspot
#1Chief$
1Cisler1
1CituZuJ
1Cleanlife4me
1Collect
1Colorad
1Comment
1coolGLI
1Coolzip
1cOOper1
1Cor1313
1Cor1533
1Corinth12
1Corsair
1CORVETT
1Cr3am3r
1Creampi
1CRMPROD1
1CRONICS1
1Curtis4
1Cv9030n
1CYAGBY779
1C@yate25
1D0ntc4r3
1D1scove
1D2c3B4ar
1daCrash
1DANIELLE
1Darkness
1Darknig
1darth2Zan
1DAve107
1Death4s
1Death4sl
1Degobo1
1Destiny
1dh8Hwd735
1Dhc1981
1Diabalo5
1Disciple
1dL0m0l574
#1DOGBENNY
1Dogtown
1Donavan
1Dorothy!
1Drasnia
1Drink2Many
1drongo4ME
1Drunk42
1DsUCo74
1Dylwyld
1Dzokyp5
1e2LL9j236
1E3r25r172
1earn2bG
1EATN93Q
1EbHiTL497
1ECHQKb5
1Eclipse
1EeEIek241
1EER08h451
1efteR123
1eGBdfa2
1eggkkL!
1EGMht4EsZ
1Ehingen2
1Eliana1
1EllaMac
1ellerandEt
1Enimsaj
1eSH7Tx143
1eThan06
1Eugenia
1EUj3i7y
1Ewp4Wb8
1Executi
1eyeJack
1f1WByw347
1Fartlek
#1FashionGirl
1fazBABw
1FCkoeln
1FeNIKS2
1FGs4gb643
1FilthyWhore
1FineDay
1Firemanisback
1Fish2Fish
1floORal
1Flubber
1FN0qtr9
1fO2BRE831
1Forfood
1forLife
1FpTJTl919
1FREAKERS
1FreshGyal
1Freshma
1Frostmo
1Fuckyou
1Fumoffu
1FXW6NQV
1g0K5oz421
1G0ldM3d4l
1Gallant
1Gammagam
1Gardeni
1Gargoyle2
1Gawker!
1GbQ6jA519
1GBVgbv1
1General
1GHARITOS
1Ghblehrb
1GIBLETS
1Gilford
1GirafGame
1Gladius
1GlasMelk
1gnigmaS
1GnupunG
1GODlead
1Godlove
1GODRULES
1GodsLov
1.Gogodzila
1Goodjob
1gra02FD
1Grandma!
1greenBo
#1Gremlin
#1GRIFFI
1Grishnack
1Guitar*
1GW307O552
1H2E3R4O
1h5o697BH
1H7d9OL635
1H8C0mpu
1Habakuk
1Hamburger
1HappyDa
1HappyDo
1HAPPYMETAL
1HateEV1
1hB8PPF996
1headinGto8
1Hearty26
1Heavenzz
1Hellfire
1Helsingborg
1heroesAsus1
1Hickman
1Hitachi
1hmQ7lk584
1Hodunk2
1Hondisdood
1Hotmail
1Hpotter
1HUNDRED
1hundZia
1HvB4zs627
1Iacobus
1Icoxmzz
1IhNFt3716
1Ilikego
1Iloveyo
1Iltwas2
1im89Bru
!1Influe
1$Ingenieur
1inKVxI137
1.Internet
1IoDhk09
1IOXin88
1ISorzE654
1iwiI3h7
1J9c9S91
1Jabrene$
1Jacklucy
1Jackmei
1Jaguars
1jenomEST
1JessDog1
1JESSEE1
1jhmHOL2
1Jodenster
1John323
1JOHNCAN
1Johnson3085
1joyisSJ
1jqR4Q9621
1jrX9nW2
1JulIus0720
1Jy86p1629
1k362eyM
1Kacper1
1Kataflau1
1katerB$
1Katrina
1Kbengek
1Kbengoed
1Kennyman
#1Kentucky
1Kierpce12
1Killpk1
1kiSeleva2
1Kno0Ck1
1Kobebryant
1KurT123
1KvaBtMg
1l0v3G0d
1l0velaureN
1l0veLux
1L2A3U4R
1_Last_Chance
1lawlawA
1lD!gger
1Lebula2
1LEGBFH123
1lERoEf5
1Leroybabii
1Lhand1984
!1Lifeof
1likePie
1likePIE
1Littleg
1LITTLEMAN
1Ll0g1cal
1LLevZ9488
1Lmdca8y
1lMto$%P
1LNJ4W8F
#1Lost@13
#1LotR3#
1louwkrO
1loveEDWARD
1LoveGin
1lOvEklc
1Lovelouis1
1Lovemom
1LOVEMUFFIN
1loveNal
1lovePIE
1LoveTan
1loveTLE
1lOvey0u
1Loveyou
1Lovmeichael
1LOVNOAH
1l.P+i7c
1luCfera
1LUCYLOU
1L@ur@20
1LUVJESUS
1Luvkar1
1luvLisa
1LUVMIKE
1lv2FLA99
1Lynette
1M2pP%1x
1m4sUp3rh3r0
1Maffemaffe
1mAnshow
1Marinecorps
1Markus1
1Marshal
1Martin1
1Matrix1
1Matyjaszczyk
1Matylda
1Maus2Hund
1Maveric
1mAWOqO3
1May1886
1Meister
1Memorex
1Mercury
1mGejB7647
1Microsoft
1Mililan
1Mindcreator
1minkattBamse
1Minneso
1miR0439
1Miranda
1Mlichts
1Mocadinha
1Mojapic
1MOllyb2*
1MON8pok
1Monkey2
1Mouseka
$1mpl3ON
1Mracid1
1MSGBMP1
1Muaytha
1Muffin2Muffin
1MusicLo
1Mustang2
1MyBuffett
1n2s3mNSM4t
1n5p1r3D
1N7QSRMP
1Nachoz1
1NbJobA738
1ne5iveK
1nef47Ys
1newLife
1nf1n1tY
1ng2L3t4
1nissanZ
1nKozOe949
1NocnyMark
1Nonenon
1Nopassword
1northSIDE2
1nostriL
1nowNl8er
1nsecurE
1nsecureW0mbat
1NspIr3511
1nSY9SF7
1NTEL123
1Nternet
1Nternetworld
1nterp0L
1NtKcwN938
1nuP78QY
1nUtm0nKey
1Nutrilon
1nVisible
1Ofakind
1OFFICE1
1Ohyaoma
1Olenk7a
1ONAPjz466
1oqydPA785
1oYzYTy311
1P4a5_7s
1P4CAF53
1p4N4m41
1p8Wh1d312
1Paladin
1Papirlapp
1Partridge
1Passwor
1Password
#1Password
1Password1
1Password53
1Pattinaja
1Paula@06
1PcHiJb421
1Pendejo
1Pepper2
1p,gf+6V6V
1Phoenix
1Phqlac7
1Phyllis1
1pioneeR
1Pioneer
1pLuPrlu
1pMIaT7c
1Pmot7dn
1PnepF971
1Portal1
1Porter1
1Portlan
1PortMelbourne
1POWgPa893
1Pp8Xqf9
1Pp8Xqf973
1Pr0bity
1Presari
1Presario
1PRINCES
1PRINCESSDIAMOND
1Produce
1ptOJ0x6
1Pubster
1puTgtW983
1Pw1Fuu3
1py7jWEA
#1Pyrate
1pZPjpa55
1Q13jI26
1Q1Q1Q1Q
1q2w3e1Q
1q2w3e4R
1q2w3E4R
1Q2w3e4r
1Q2w3E4r
1Q2W3e4r
1Q2W3E4r
1Q2W3E4R
1q2w3e4R5
1Q2w3E4r5T
1Q2W3e4r5t
1Q2W3e4rty
1q2w3e4Y
1q2w8i9o5T
1q2w#E$R
1QA2ws3E
1Qantas1
1qa@WS3ed
1qaZ1234
1QAZ1QAZ
1qaz2wsX
1qaz2WSX
1qaZ2wsx
1qaZ2wsX
1QAZ2WSX
1qaz2wsx#EDC$RFV
1qazMKO)
1qaz!QAZ
1qaz@WSX
1qaZ@wsx
1QAZ@wsx
1qaz@WSX3edc$RFV
1QAZxdr5
1qazXSW@
1qazXsw2
1qazXSW2
1qaZXsw2
1Qazxsw2
1qazxsw2P
1qazZAQ!
1q#E5t&U9o
1qscCft6
1Queenifer
1qw23eR4
1qwe4!QWE$
1QWERTY2
1QwErTy5
1qwertY7
1Qwertyu
1qwerUio
1qXuCtJ773
1QZBYtU3
1r0C4860
1R2o3b4b
1RalDep9
1RASHARD5
1Ravage?
1RcrTest
1Reconpj
1RedDragon
1redwinE
1resPeJi
#1Response
1retaV10
1Revelations
@1RF0RC3
1RfUp608
1Rimshot
1Ring2Ru
1RiPaZhA@12
1Rjdelkp
1ro8P6x5
#1Roadru
1rOchEn2
1ROCKSTA
1Roflcakes
1Rogue23
1Rootbeer
1rp5WKy2
1R$wolverine
1rXw4Qd5
1S5TXLw821
1sa8elYIN
1sAb311A27
1sabelaR
1Sailorman
1$Sairam
1$Samson
1Samsung
1sandBox
1Santosan1
1SAQWAWL
1Schaapje
#1Scotch
1Secretw
1Seesen23
1Setsuna
1Sexylad
1Sh3lAlk
1Shadow.
1shaDowaRmy
1Shannon
1Sheepy1
1Shortst
1Sibelius
1SILENT3
1Sininen1
1Sivlepr
1SJnmBu394
#1Skater
1Skyline
1soAiw10
1SONOFGO
1Sophie1
1Sophistry
1sOqH1r5
1Spiffinif
1Spiffy2
1SpvetpriS
1sR3U1R252
1SSFwAX7
1stBrera
.1stDan1
1st@nbuL
1Strathcona
1Stronghold1990
1Stubble
1Stubbles
1stWizar
1SUNDERLAND?
1Sunshin
1SurfBoat
1SusaG12
1Suzanne
1SvennE2
1Swannie7
1Sword0Captain3
1sxAeuX7
1T4h8o4m
1Tailor1
1Talons1
1tB5lT33
1Techsys
1Teesnar
1Tepesch
1theSKY2
1Thingez
1Thund3rhawk
1Tintintin1
!1Tittan
1TiuBAuz
1TNdoofu
1Tomahawk
1Tookie2
1Triumph
1Trixie12
1Trogdor
1tuItive;
1U4Cu6r729
1uaMdwIp
1ubEKXd6
1ubKprr1
1Ud3FQh692
1UFJA7T8J
1Un5qgI3
1Upm@rio
1user4All
1UuEBoiD
1V5Cut02
1Valerie
1Vampire
1=Vascosilva
1VEjXO4789
1vppHNV311
1VRKwKV746
1VuVBtR8
1W0QFTL565
1W1y3ta6
1W2E3R4T
1w2w3LCC
1W7bHW33
1WachtW00rd
1Waheguru
1way2God
1Weasel2
1Weather!
1Wi28tnl
1Wigilic
1WiseOwl
1wjOHzyo
1WOWOWOW
1wq2saWQ
1WW20W1P
1X1on0404
1X3y3zU0
1X4lWUs0
1X5PVjF8
1x6A45n2
1X8utJi432
1Xavier:
1xf2OXsY
1Y5JlLs223
1Y9Yfq18
1Yazoopa
1Younguy
1yPAod18
1YswfNS848
1yxnDJd9
1z1tFlq712
1z9veRaj3R
1ZBeySo7
1Zd1NkL526
1Zebr0a0
1Zenobia
1Zmorka1
1zn6FpN01n
1znieGUT
1ZO0wby491
1Zoltan1
1ZOMsQFU
1Zxcvbnm
1Zyvilin
2001fordGT40
2001Hex1
2001Ram!
2001Ramona
2001VWgo
2002CHEV
2002Grad
2003Buck
2003Dustin
2003Mick
2004Naru
2005BMW325
2005James
2005Rusty
2005Tho.
2006Matrix
2007Gizm
2007Telenor
2008BMW535I
2008evoX
2008*Network
2008Wyderka2008
2009g2009G
2009Jame
2009KALFOR
2009Maxima
2009ME2009
2009TuxRules
200Idaho
2010Carmel
2010Poiu
2011Happy
2011SKYrank
2012Cool
2012Fr33d0m
201Currie
2041Jannes14
2041PEPE2041
2048rvVusc2048
2052Hell
2065Robert
206IJNed
207Orodreth42
20ALanKh
20.April2007
20BRAVEH
20C5pJAr
20C69Kd357
20CBc166
20Cfthn09
20Champ0
20Cordless
20Crabe07
20D05W91
20Diva07
20FsMorl
20gdtL8U
20ghHs4c
20Haresh
20IdE6n4
20LaminaT07
20Ma07xe
20Minutes
20namAlex10
20Oct200
20Second
20Shilo0
20Sommer08
20Stewart
20tanD40
20thJUNE1979
20Vivian06
20Vlns02
20Vturbo
20Windows
21_04-2002A
2107JLHo
2108Wiri
2112Aim08
2112Rush
211Andreas
2128YHAT
2130LOVE
213gK2west
2145DJLP
2159WILL
21April1983
21APRIL1991
21Babylon5
21Bigticket
21BOUYON
21December1990
21DeKe12
21Duncan
21Entho21
21Evadne
21GaRd05
21Guardian
21Guilfoyle
21HOTKID21
21I2tanders
2-1isEEN
21July1984
21Jumpst
21Juni1993
21M8p198
21Nightjar42
21Nov76.
21OCT1991
21oiewWR
21oiewWRIE
21Polkas
21Queens
21Questi
21Rebekah14
21September
21Sini71
21stBurn
21Suki21
21Tiberian
21Tjeerd
21UjGTs368
21UoqEA148
21WILlem21
2203Vermeulen
2204Five
2205Peter
2214fullA
2232Juge2232
224LGCKY
225Jesse
225QGEc433
229NPXGJ
22Alzena
22aqqAl154
22Bardioc
22Boniknik
22Bonnie
22CiDAB927
22Clemen
22David2
22Dueces
22Gounod
22Hond33
22Katty22
22LovebugJonas
22M03s03
22ndSASrt
22Nerz99
22Oopeli22
22Sei1990
22SKIDDO
22SOHAIL1982
22t54ceR14
22TheFr33man
22zerZek
2303bongT
2319FORGET
231Swann
231underGROUND
2327BEAR
2335MOtremba
234Smit234
2367Lwmw
2379Buell
237dopeDealer
2380#Tru
23ALFIE08
23Bernic
23D5qgPiue
23Dpewpb
23Dresde
@23edcVFR
23Eris23
23Gateway144
23guardIAN
23HOTTIE
23Jordan
23Kamunting
23Melbourne
23People
23Post65
23RDPSALM
23Sapteau
23SkateB
23Skidoo
23snaFU23
23Space_
23webnHO2
2403Regalwood
2405Pain
240s!e@E
242Front
2456FREF
246Driv3r
246Tember
2481Joac
24a50DD4
24AL37dio
24AWgacek
24Brother
24Czosnek
24FATdkn
24Gordoks
24Gwendo
24Heinrich08
24LEA2478
24LucA07
24MaestrO42
24MARS93
24Purple
24Vduch0
2527Alin
2535Marc
2546Garry
254Kiyas
2564Stryker
2571Chr1
2577Anne
25Backer
25Boggle
25Chicken
25Echo23
25Fallout.
25February1995
25Fytxrf
25GoldBo
25Jenita
25Pula06
25RedOak
25Syc0m0re
2601MO1987
260Norton
2619Pass
261Stewa
2643Amie
2652Paris
2653Coke
2659Chic
266FPPN8
2680TS244
26A1992y
26Ahmad93
26amerikaDi
26August
26B8KAf673
26CKLATER
26DudMxs
26JuiN1991
26OlluM26
26RB26dett
26Vanille04
2708Meike
275young&B
2786C7dm
27AnaPaula27
27April90
27EBAsAt
27feliX8
27LP58MS
27mcBram
27Peanu&
27RockRocks
27TJpai9
27UXAkqWCX
27Weasel
2837Buds
2876usmC
2885Wejewe
2895Dima
289Kara1004
28ANst24
28Bondar12
28dqIFk6
28Exeter
28FHJYP4
28FO1Zg721
28j5LUh793
28TANIA05
28terTot
28tlNNZ4
28ZAwras
28Zimm188
2901EA05
29-04-1991BV
2905Rafa
2911TMvv
2912abeKAT
2916Tiburon
2940Atlantys
2954Fred
2954Metolius
296hWal633
298hSqB4
29Craig8
29DEC2007
29Lottowinner04
29M06H82
29PDK5255
29PM1991
29Woodbine
2A70H9AC
2A9p4nnaoL
2Acacia2
2Adfwd141inf
2aF$#H18
2aqPBdz369
2AtcHKA%
2AXX58q416
2B00gers
2B6845R6
2b8P5Gi511
2baDDewD
2Bamudiw2
2beachBalls
2Beautiful
2BLOWERS
2Bluemot
2BOB2BOB
2bon2bTI
2Boolag3
2Bornot2
2BorNot2
2BORNOT2
2Bornot2B
2Bosds1681
2Boyz4Me
2BtxhoO863
2BXbgrD4
2C0mm3nt
2c3xvJk368
2CALDWEL
2Cents13
2cETbnu522
2Chanc3s
2Cheetas
2Cis2Die
2cjSIw2252
2Cow2Pig
2crazy4U
2C@tfish
2Cthulhu
2CtYioG152
2CyukeX5
2cZNIAB437
2D00adventur
2D9PSVLT
2dBQSRG2
2Dec1973
2dee6qCn
2Deloris
2DHCc4ze
2DhLd0v6
2DI4tL7m
2Diam0nd
2Diamond
2DIE4YOU
2Divine2
2dnExrxP
2Donmygger
2dq13EY934
2dr3amMox
2dTyDLH1
2DU1gpal
2Ducklin
2E9QZj0945
2EaNOVl658
2EbK0K93
2ebMLigb
2EbR7qT8
2Enterenter
2EO9zNp522
2eRvIcH3
2Eviljojo3
2Expensi
2Fast4y23
2fast4youBitch
2FFLCzA163
2fJ21AVFq
2Florenc
2fN5Hne368
2Foolpro
2FslrYZp
2Fubar4U28
2Funky4F
2Funky4Fruit
2FvL2tg239
2FZDg5D231
2GBNQ2GBNQ
2GCpIEE424
2GdIFkg834
2Geheimen
2Goldman
2Good4u2
2Graduat3
2gSR2xn736
2Gunshyy
2gXr2uBb
2gY15XE6
2H5Ebukm
2HausPokal
2hcCgLx2
2Holy4smoke
2Hoodie4
2HOT4YOU
2HOTGIRL
2Hotsnakes2
2HpDvXf341
2H@ppy4u
2hPqsJU911
2IbV5Zb6
2ihQNZW894
2IZvfuw5
2J2vzux846
2January
2Jar3dit
2Jarrah8
2jE39GpL
2JEA8CV477
2JEZEBEL
2jFLnyc956
2jmSrFi4
2jNqQ1Z1
2Jupiter
2JZ9gRh641
2k4Changs101
2Kennedy
2KF9Jf4757
2KFzAt8Y
2Khartou
2kHxcCk6
2Kingd0m
2Kou1;Tc
2kpayh2K
2Kpm5aG415
2kQ8tzgb
2Ksports
2KUxp2h556
2ld2XtK815
2LgnyDvF
2lh7RfL985
2lkopp2LKOPP
2LOVEGABRIEL
2Ltime1978
2LuGBml536
2Lundi22
2M7pofi6
2Madonna
2ManyPasswords
2ManYSec
2Merinda16
2mETBfKt
2Millylea
2mlfAdX4
2mnyh8U!
2Momoney
_2Much4u
2naFUCKL
2Nasty30
2ND2NONE
2ndChance
2nDEMI2n
2NFINITY
2Niedzwiedz
2Nintendo
2NIntendo
2nKHxTX5
2nqW7A1517
2Nvg5QXs
2NWzqE7445
2NxoZ9B9
2O5lNLz8
2Obarkat
2oCGbNv9
2OCVhA7523
2Old4This
2oUgxis1
2ow1D1Ld
2P3qG79aG
2Pacforlife
2Pacshakur
2PhtT1mA
2Pleaseu
2Plus2is
2Pooches
2princE5
2Psdoff.
2pTggvi652
2pWJme03
2Pyramid@
2QAZxsw2
2QDnCk9962
2QiGuanX
2QJ-Gt-r
2QkzDic8
2qmGNbA1
2qOyvaZ1
2QTwv1I326
!2Qwaszx
2R3IRmJ9
2RELOAD1
2Resonance*
2Restore
2rljBzb9
2rNUoEa718
2Rondom2
2S15xUT718
2s1lfMF1
2S1MCami
2SAegbo757
2Saxosaxo
2Sbzpiqg
2ScO4teR
!2Secure
2SERrico
2SH9Vcxy
2Siffror.
2Sjefke4r
2smart4U
2Smart4U
2Spe9Fiv
2Stillalive2
2sxC0hU689
2sXhvC2247
2.Tal0pr
2tdQ2OS915
2tGB5qD456
2Theavatar
2theDeath
2thn22W2
2Thomas73
2Thousand
2Timothy316
2tough4U
2TpBMznc
2Transfer420
2tx123V1
2U24Bgk638
2U7H1u3y
2u8PFbm0
2Unk577!
2unycGl373
2uSWIulu
2UXA33P851
2UZYyG6478
2V30byIT
2vd1kgN4
2VhiE3F998
2VlJ7E6575
2VphD4Pm
2W3E4R5T
2W4rLyv2
2waCk4you
2Weasel1
2Weinner929$
2wEmspan
2Wendy34
2wOa3XfD
2wpUUZA343
2Ws3Ed4R
2ws#ED4r
2wsx3EDC
2WSX6yhn
2wsxCDE#
2wUlW2X8
2wzGFzs944
2x1024MB
2X300bar+
2XA4papier
2Xcq5B5325
2XfzCKTK
2xLlpw6b
2xPvkY96
2xsBR9TG
2xxPKtO716
2y5TBjy812
2Ya62rc7
2yq82XF616
2ysTVqg3
2YT8wKa349
2YvNikV429
2yWkvjm637
2yXvkf0989
2Z4PF9L354
2Z4SS4Z2
2Zachary
2zgw39IF
2ZlOoTod
2zmQcnE428
2ZYWwzYK
3001Lena
3003Happy
300Fakestreet
3028SR49
303EJ727
3070Mm98
3080Broa
30CeeCee
30fATXI636
30Gizmod
30happyX
30Herschell
30Juni1993
30Lambert
30MaRcH1984
30May84!
30Mel08!
30N55e91
30QKM48z
30STMRKS
30Tibrogargan
30VHxXv881
30Whitmore
3102CJBT
3104ras%FBI
3105Desafio
3105Michael
3117Shakeel
311SalBaje
$3125Bou
312bxeA8
312SaMsUm
312Swansea
313dqwiPDmx
3141ACEbd
3172Jmyn
318YYAAYY
31Alpine
3#1aRsXe
31BO39dio
31Diciem
31HNCKREW
31IEqce#
31INSANE
31jL52rL
31keCDv816
31kentsU
31LISA00
31Lrond21
31MARCH77
31QAf4Z6
31r3L4nd
31Toulouse86
31*_W186
3212tpIW
3219Osby
321BesBes456
321BIKEIT
321Complex#
321EWQDSA
321idamariA
321Maxwell1
3225Grac
322bvYna
322Reese
3233@Bud
324Broadway
3256Sunny
326W29e23
327.MASter
3295LoKo
329dePQ1
32bkLnvQ
32EWdsCX
32gyGrk2
32Kotaku
32OILLX3
32WaterBlade23
3315Dc99
334transQB
335Toohey
338LapuaMag
33B4F621
33Caelub
33CpD8rG
33DPYQB5
33Ebtiecu
33GEMINI
33J5o0s1h6
33l2ieY799
3.3NdY667
33!Strat
33WBlDRQ
33WilsoN
340Digby
3423Teemu
343GUILTYSPARK
344pv13W
3456Bjop
345Cyber
!@345QWert
347ROBIN
348HTYUC
349KNi06
34er#$ER
34i3610R2
34Jupiter
#34MzdSp
34Pizzas
34Scropi
34$tpA79
34Weasel
3500ftMSL
3512C0mput3r
351M5Ev6t9
352b1aU966
352BiL352
353MELOVER
358hairpiN
35jnHinp
360Backside
360Gamer
360Globe
3611DA+/
3615LIFE
361LzD#23
364aurozG
3662Sarnoff
3678Katana
369rAven
36Chambe
36Hypatia28
36l9TBH753
36MXe87W
36O4671o41
3707latmA
3712Natali
3734aLL453
373lK93Kf
3747Onln
376OLHr998
377QvxT4
3782Drak
379AdNpQ
37AAbbcc
37fnACg1
37heroeshbA
37LkvD44
37loQXQ7
37S!gn@L
37ZhdgC758
380Canning
380Mgdda
381D93F3
3828Harr
3839YvI776
3840Bengy
385A091@
38ANHnX1
38Banno33
38Gjgeuftd
38KsnR9g
38SBQEOC
38Xgcus8
38Xzibit
392STARZ
39LeYCQ9
39Luralda
39Roscoe554
3abAHEfk
3Abba7Father
3AbtM32K
3aFCbxcv
3AG1kXF188
3AiiAuO938
3AinUyR6
3Alvesto
3aPr4654z
3arl0maR
3ATTxru884
3Awastbfh
3awXDVN8
3AXQTW3Y
3B8615h553
3Badboys
3bavgt5A
3bdSdP1w
3bf2MagU
3bgdjSX515
3bGJ2y94
3bh2MagU
3Biggetjes
3BigRed5
3BITE3ME
3Blindmi
3Blindmice
3Blinkin
3Blueice3
3BlxDcE2
3-Boba-14
3Bollock
3BoS2ezD
3BrownBears
3Bucetas
3CE3E8218
3cGqlyQ714
3curB2113
3CVmail88
3d0WtVr988
3DD364w895
3ddwaRX.BF
3DFXvoodoo1
3DgarSin
3DgarSing
3DgarWalt3r
3dJE8g22
3Dlemonlight1
3dNAOQu128
3Dprohaha
3DraGon6
3dSBkCIr
3E2rtbsp
3e4r%T^Y
#3EBkvxjK
3eCColad
3edc4rfV
3edc4rFV
3EdC4RfV
3edc#EDC
3Edcnomcabar
3edc$RFV
3EdCVfr4
3edc@WSX1qaz
3EHtml7788
3eInEmUdDa
3er4#ER$
3f9rOfA482
3Ferrets
3FGqznG948
3Fireball3
3fQtqxeX
3fQxpqh428
3FRIhm4574
3G0Gorr9b
3g84FN46
3Ge5pm1N
3Guenevere
3H1h4L1b5B9c
3h1zjN17
3hAdACh6
3hATrEswu
3HB3dAk325
3Hilltop
3ho4aMAH
3hQ+ffvv
3hyG8TP575
3hyNwU0994
3i8Qmmop
3Iamyoda
3ic6GRN7
3Ih3BK7897
3iIwnsw6
3Instine
3iVPxPg576
3J4Z3J4Z
3JachyrA7
3JeGsJP7
3JEN62WO
3Jerry18
3jg0hLL911
3JHRJxS886
3jHyQsl4
3Jn7rCR6
3jnbuXZ5
3Joselin
3k8hBhGC
3kG83zP2
3Kgtxtc!
3khUfGu461
3Kingdom
3kpLozAa
3KRAZOCOM
3kyQp4b-
3l33Th4x
3L362E71
3l3mentlL
3L4I4SW9
3Lacrosse3
3LANDsalamony
3lC0ndor
3lEGELd8
3Lf3nL13
3LJpGxe8
3Lminster
3loPjSV827
*3LPfanE3*
3lrataBOY
3LtwPbjQ
3m7gf8zD
3M89T7LK84C1
3Matador
3matreaT
3mhtiw88emtnoD
3Midget3
3mIX3QfZ
3MJ6m59x
3MP1res8
3mperorJ
3N34hfwa
3N49HH61
3Na42ZbA
3NAHB5E922
3nD_g4m3
3NFtbZR845
3NfZUfvX
3ngin33R
3nGineer
3NIL34NJ
3NorMal4
3Nsch310
3nt3rH3R
3nt3rprI
3NT3rpris3
3nt3rpr|s3NX01
3NxTOc62
3o4C22m212
3O9Z3y29
3ohpL5X7
3oRiWQ51
3P1na123
3P5CyuNk
3P5D22B3
3Penguins
3PEPSIKOLAS
3pisA4rF
3PiZ7Y3169
3pKpkBd775
3pmzXxS169
3Q47v567
3q5tQ2y788
3qaqJ3RJ
3qCegrs788
3qGgGOo314
3QLSJ5n2
3qn0VmQ564
3QofRxHg
3Qon3me691
3Quilibrium
3qwer347T
3QYRO9G5
3r2s3RS728
3r3iamJH
3Raq5brE
3rCuZ217
3RDCLASS
3rdMarAir
3RDPARTY
3rDSWb4339
3Redtango3
3RFD4cDJ
3rik@15U
3rJXKCW6
3Rk6WDQ216
3rNmFmf298
3rRaviqA
3run4ev3R
3rV6m8J9
3s7jXUS7
3Schlonz
3sCompany
3ShcPxL437
3SMii8u8
3SO63SO6
3SQvrUf445
3stBK639
3StRHu9726
3t3rn1tY
3t6LU857
3tdr996S
3tDVsYZ361
3thereaL
3Tiger27
3.Tofu3.
3Trucker
3TumcmO858
3txmAdk912
3tyAyAs281
3u35MiDg
3U3megd6
3U9cikT426
3Uab2178
3Udaimon
3Udgjbtxtv
3uDrEQuZ
3uE0Jg13
3uOilX7266
3urop31T
3V1L-l33t
3v1lM1nion
3v3rlasT
3v3rqu3sTT
3v3Shade
3v9Ldq5hvZ
3Valli78
3vAWPNp1
3Venice3
3VGA2dvi
3Vgd2zyb
3VGx3Iq4
3Vh8wpK948
3vilL33T
3Voorhees45
3vRVuqc9
3w3MFnzv
3w3Nwo0498
3WayLove
3wEaqSk361
3weSp7He
3WrHUeK756
3WRs3jO5
3wxjcoZ5
3x0K6t69
3x0qN2o2
3x2Ab@-3
3x3cut3C
3Xbox3zwA
3xCalibu
3XDdYW3778
3Xeggut0R
3XofmYN9
3XrPm9loO
3xTempor
3Xterminatus
3XyUIbX7
3Yr58cyX
3Yw5nLPm
3YXxc0Y836
3z8rV6796
3ZqjSHv642
3zYwS3a276
4007MA27
401AIKus
401Craig
4030BABY
405BLOODS
4077Mash
407SIVAM
408gQBJ426
40Acres!
40Deu833
40efaBr723
40Fluk132
40Fou.rty
40ljZE99
40QHFGTS
410Delta!
4117ROAD
411Fashion
412Fria89
4130GizM
4131Kaua
4131XbBw
4150LOVE
4151AR30
415Joshua
417dEl972
4186F-16
418ROGER
41Freedo
41Hamilton
41Km9pQ7
41qrC4g3
41s7zt4aY
41yfac9P
4200Mead
4202WA30
4205G4nd
4206Deus
420ABR007
420!rVd!
421Wolff
427yim7K
428Happy
42Affe49
42BEACON
42Orlean
42Perrin
42PILE53
42Poop42
42PVOBO334
42qhOxvAN
42Sedgwick
42YJFUNB
42Z740Nc
430Warcr
4311SEES
4321Henr
4321Ryan
4321Szelog
433axpNT
433BRADY
4392Fred
43Fds4cfgs
43Gizmod
43JNrsP4
43LS34!!
43LS34??
43NXPD82
43QPs8L984
43R0G4T3
43sElEct
442Pamel
*443FLK*
44cidl01CU
44Cinder
44Dicken
44DSOUL1r
44GERBER44
44KHAjg834
44Massage
44MELROSE
44Mordol
44Rtny6v
44t7R462
44TW119QQ
44Woodhillroad
44zHuAzf
4^5=1024or1MB?
451H2so4
4531przE
453Pippen
453Sep88
4549Linux
4559Julie
4560Dina
4560JeZZa
4569broLoL
456Az299
456derPAUF
45Ashley
45degrEE
45ert$%ERT
45EXTREME73
45FZ77DB
45Hardcore1
45jxD7D8
45KLS7uH
45Nintend018
45rtFG$%
45thCheshire
45tMou10
45Xbk7Mrp1UO
45ZiTH61
4602TMTotal2u
4607Mount
4621Becca
4687Gate
46BdGy67
46bornAT
46jARkW774
46Kinross
46MILLIO
46noinspE
46otLsc989
46QArmy9
46sighEd
46Ujmklp82
46Wielde
470M1CH4
4711DragonCab
473B7357ing
4748Jan86
475Burto
476AtlAs
4773Jack
4782Dw03
47Assassin
47CaNaRd36
47HnR6zX
47Joebal
47ktJUV622
47Pohnpei11
485eCDU434
486DX100
487Q8DWY
48askuuN
48dJ4Hdk3
48Fifty48
48mVCMuV
48QHwle165
48yuDQf279
4979dm6J
49fsuGJ8
49Horvath
49Prunel
49Schnucki
49v5Fa52
49WMOSZS
4aD3EIN938
4Adidas1
4ageMeae
4aid45Ct
4Allofus
4ALLOFUS
4Angelic
4April22
4Ariette
4auroaoU
4BattleFieldHeroes
4BIDNFRUIT
4BIGBABY
4bitz5A983
4Blackso
4Bloggin
4bNXYjd821
4Bonnaroo
4Bronyra
4Brownle
4buUxkQ2
4BVXETQK
4BwIgzE574
4Bxx8aZ6
4bYJj1I9
4C1D$tR1k3
4C3OQUo7
4c9YfRop
4CB8Haq192
4ccTkm0899
4Childre
4CNiGxt3
4cNuWGu4
4co7G9cm
4Cortex7
4Cu320Ab
4d0T5v1c
4d1i3n6AC
4d2alg9R
4DarVb9718
4dd0canN
4Degrees
4Demagog
%4DjvYG7
4doSv733
4dQdf5g7enob
4dvQEA7636
4DWRulez
4E4f2D4f50
4eAv8loL0p5
4eC5aeS1
4ecwuGz3
4ee5T6yy
4efkisRt
4Element
4en72T8g
4EQ8AOXC
4EQnFww893
4ERyJo6m
4Es2FBg819
4eU41jI475
4Everforce
4EverGre
4everSte
4Ew3Puoyd
4Ewpsgwgw
4F4NfmTV
4FcI5jF256
4fKid849K0
4Fl0ho420
4Freedom
4FuDJer5
4fxx4PrA
4g6gkUWY
4G8qqdog8E
4geCCT4geCCT
4gfyS372
4gFZ9o74
4gh613JE
4GJZjkU861
4GODSSak
4Gottenrealms
4Gs6SFf8
4h2RJKD548
4h5Wx7szzF
4Ha8ibwpKcf
4haWen5t
4hAwru7E
4hBZPeo898
4hCafAE962
4HcCaOw194
4Hisglor
4HISLIFE
4hKeYjJ2
4Horsemen
4hT&V2]D
4HvJHGq145
4I2gXLQ756
4IeSDp9878
4IHbeWR521
4IlGioco
4inObjec
4ItTVyk584
4iTuheE1
4ItxUar1
4IXtgLp225
4Iy9ooi227
4j1a8RN457
4JBtHKG357
4JeWWHy843
4JFsWq8364
4jGYdU5992
4JJqkOY7
4jqnm4WVO
4juLMbR6
4JZaLgu317
4K140nV945
4K2kLnt9
4K7B60Xen
4k8d02k4A*
4Kanimbla
4KAYAHN3
4kCKox11
4Kids1Wife
4Kingman
4KJeZln496
4KoQmYQ873
4kUlraN592
4l3xB3t4
4L4much4
4L4rArm538
4lc4rC45
4leRais3
4lEWIgZ883
4lfabe7S
4lfabe7Swhat
4LifeHac
4liFiet5
4Lilyoye
4ll$Gash
4LmP24C465
4lphA465
4lpv3YaN
4LzNyHK4
4Mac1954
4Malle4Malle
4MaryJANE20
4Matthew
4Megaman
4Mejerivej
4MePs2Pdf
4ml8Wwhh
4MLijssel
4Moondance
4Moroboshi
4!mps0N4
4Mrn3ZO6
4mst3rd4M
4mT0P4R558
4mTbhiV995
4muklcE7
4my1Susan
4MyCarro
4MYHEROES1
4Mystic2
4n3b6IT4
4n3x0rAN
4nDXnf>q
4Nectes5
4neV69uB
4ng3l0Fd34tH
4NickJonas
4Nilbud1
4NorthAve
4NRkHuV762
4Nu0AsdG
4nUs5fAk
4nXbbrjh
4NzEIJE6
4O4j8P82
4October
4ooANnSp
4ourTone
4P0ymdR3
4P0ymdR319
4p8tbdr9fW
4Packers30
4PaEcwN671
4PDrtRe452
4PECBR68
4PenSco8
4PFwBxS9
4ph3xTw1
4PHamG2Y
4Pik3qwiE
4pjL1w8853
4platMUNI1
4Provisi
4PRxtXc298
4Psisoo418
4PVxfDqE
4PzFhwE5
4pZqGvdk
4Q4q4q4q
4qehtyzU
4Qip97hv
4qU5eZZ8
4R5T6Y7U
4rBi4470
4rCad14R
4Rearran
4REH1028
4rfv$RFV
4rfy6UDB
4rk9YEDd
4RNJYP1K
4rollELL
4RQQ1bp3
4RSEnal1
4rsTechn
4ruhyghC
4saQQTC629
4sbsLLV9
4ScoreAnd10
4Shiloh1
4Skater8
4SlickSnakes
4swBEQk347
4SX9x3mt
4SxeOct8
4SyAEfz3
4t3HOGo454
4T6cosmo
4TheFami
4theGazettE
4ThewinteR
4Toronto
4Travel0
4travioni2cMe
4TUXfzS778
4TVWcimk6
$4&TwentY
4Txe7db7
4tYrm8k9
4u2QZC5722
4u54w1N89
4U66WsC112
4u6JRgt611
4uckYou1
4uLFXhC566
4ulJyLG378
4umg4xP949
4UPJgoL2
4ur1poX535
4UsNSAf8
4utobotS
4uvgLzby
4uwH8xf7
4vaR4Eo9
4vNdoI31
4vSvPUo113
4VVsZZG919
4w4Ekv5y
4WdB97sE
4Weak2St
4Weather
4WeDQh8r
4wjk9Sv5
4X8y9Z2a+b
4Xbox360
4XeXgsAn
4Xf7jm9jq2c4r
4XIgqL3697
4xinPP0172
4XJGPJb863
4XjPWZ27
4xMoP19uX
4xQcuWF692
4%xTEfllk
4XX5mns9
4Xxtcgr551
4y73oIU993
4YKEyv02
4YLR4I31
4ylwdX4j6Y
4ySPvQ7133
4ysWiEK763
4yYsftsH
4Z0JPY8R
4Z1key88
4Zn5Unnz
4zNk6qJ2
4zOgJln228
4ZTxmTf986
5007A2013
500Miles
501Queen
503WUZZY
5043Work
505Dundas
506Stewart
507IWDF8
50BURROWS50
50CALIBUR
50Canada
50De9619
50GCfiw2
50GeileB
50Give55
50J@ch1l
50McRill34
50Middle
50Mustang
50sOlOmOn
50Valley
50XMAXIMUME
5114Snug
511C8Ver
5128NIKKI
5129Ames
5131Ashton
5146Sworn
5150RIPP
517JRt483
51Dollar
51FdGAX184
51FdGG14
51Ichiro
51M523w31
51N61e7253
51ng1ngB0wl
51PE1762
520Genie
520Topki
5225Jack
523APC$+
5251FRED
526gmeR9
527Djym282
527Ronin
5291N6454
529GUULB
52aEm5N372
52JkDxRa
52j=VUhu
52LARS04
52oV1WH595
52SS2048
52vBz2GJ
530UI0r3
5311fhtH
531Susse
534B0AA2
534Sany0
5390AAOW
53s67L9Nx
5407Surr
5411Peru
542Gunne
5443KJXG
5490Carola
54G5DWJ1
54Gb0gw5
54Venus0
54WAbutR
5+5=10Ts
551Ubii4
5538nVr=
558JMX25
55Atze55
55Bigtrolls
55Charli
55DD2fb682
55namU55
55Neuka55
55pictureS
55TEF1us
55Tesaabroller
55UTjL22
563DjS5c
563peopleW
566XaxS2
5673Lilokatt
56AD5543
56BcKmv9
56.Cecil
56cohenL
56donkEE
56eiGHt3
56gH7U8iK
56hapM6T
56J5PZzb
5725JOMI
574-6Bass
575ZLZJH52
5793M1397
579C-A1241
57DRHssa
57GREENH
57Ninjas
57Nmg2e2
57NZOzy818
57R3NG7H
57R7n5W286
57Strelley
5800Nokia
580JKS11
5841Kaben
5858Kaszana
5871S3XL
5878S5bF
58A96v39
58CARAJO
58CfsgH796
58Impala
58r8Xj4e
590FASHION
590Range
592e2juM
593ijQW748
5988Moses
59Buddy0
59DELIGH
59MnNN9mm
59SuperM
5a69cEr939
5a8aZ105
5AAB95aero
5Abig3corn
5ahTGhP851
5Ajj5lT669
5aL2LVq212
5AoI1fMf
5aPPQBw939
5apruBUt
5Babycakes
5bfwcuJ483
5BongHit
5BRIGADE
5BsdKGv5
5Btz5m8f
5C0P7Oq81
5c13NC3e
5C36fQC449
5C4rf4c313
5CARfac3
5CATS1DO
5cavOYd957
5Ccpv3j474
5cH42vLe
5Commerc
5CtdfPc868
5Curtois
5cyEvU8d4
5cZjBoB383
5D044d93
5DjfNHB4
5DLvVYv9
5Docquin
5dUdo3Jda
5dUqov29
5E1VN15j
5e2epUH286
5Echidnas
5Element
5eVhqxNy
5eXk77nn
5EzDKiT9
5f8llFy383
5FINGERS
5FiveCats5
5ftIxaH581
5FX2jkpr
5Gidget8
5GMT3854
5h09uN2408
5H3v44l0m4r
5h7IGFA336
5$HaLo$5
5HCsMJFy
5herberT
5HillView
5Hmf8RhBw0w
5ht8L598
5HwJ6HRx
5HYzLzn8
5i1vEr746
5i3aSoaked
5ijtKPO668
5illyB0y
5ILVERLA
5Isaiah?
5IsN6pn824
5ITvK23h
5J4klm28qs4s
5JcYp2F616
5Jfr0gH486
5Johnny5
5JTaFZc9
5JyNhn39
5K1QmUK3
5K89iHb27
5k8brdIng
5kaloryfeR
5Ke3pTyWD
5KHqmsSh
5killSAT
5Kinsell
5kj2hnUX
5kleineDackel
5krangeL
5kthHUX456
5Kt@Xnhq
5kyDrag0n
5kylineGT2
5L103r0911#
5lARtUC4
5Laughte
5LBO7UN357
5LBrFWj7
5Leader12
5LEUGH3P
5LKt49F2
5ls55GiDl
5LSDZir887
5M3GH3AD
5MAFOiAFO
5Majaliisad
5Maldini
5mallVILL3
5Marshmallows
5MClaeW5
5mCS8dY5
5MiL35MiL3
5n4k3M16
5n603S00
5NaEJwkX
5nAKOrs+
5NFE7HS5
5nKhgDV9
5NPupm5782
5nQvwJQ7
5o8omiB132
5oCxmCx3
5oOLvcg875
5OOnCKlR
5OQi6YV329
5OUS0MgA1
5oVsRJR5
5OXVs1F798
5Phoenix
5pj2oY0183
5PlYZFx1
5pN1KrV862
5ppaJhnV
5@Pphire
5pZn8fh563
5q1IdU7693
5q5Ev0b242
5qKTBoP681
5qmRHI1826
5R04ceV575
5r8t$RUc
5rcmX2pE
5rdxcvBgt
5Robert12
5ROZq8w918
5Rw6U4g249
5S2o8uE591
5SEbuv7234
5Self2se
5sRk8oa884
5sTeve21
5Stirling9
5SYLtDH797
5SZyUFJ184
5t6ffvuyElV
5TGB6yHN
5TgbNHy6
5thColum
5thDimension
5THdimension
5thSFGA:
5Tj6a0z495
5Toblerone
5tPhwzIY
5TQtmlt2
5TQtmlt215
5Ts9Nv52xdo
5TubwuP3
5TyEou25
5U6mNmB595
5uejC3o4qX
5UGA5NAP
5ulAU4F974
5UNCLE125
5unGlaZZe5
5unShine
5up3rM4n
5Upc3cj492
5uPeRlEaGuE
5uRnsnL251
5V1Rr3l1
5v9Uzx4552
5vkfk1Vi2V
5vqtetUS
5VVatxonq
5vvknQ12
5w2j47Hp
5W3taD3651
5watraJE
5wdoXq0868
5Winston
5Wonder8
5wTdmd4y
5WU3UNL254
5.WuRsTbRoT
5WysWat9
5X5Gtxk753
5x6SIjA3
5xC74PK1
5Xkt0Jq887
5XNU9v8521
5xqRgEP975
5xtCg5aw
5Xuj1UV143
5xveP94hjJ
5XYxRUY876
5y31Rid474
5y39p4I169
5Y6x6zX8
5Y6x6zX876
5yAmvPy6
5YCoPkV4
5YearsII
5yhJdwC193
5YUCVyt4
5YW1SDZ391
5YWEZCV2
5zcqxJx739
5Zf7fiU651
5zL6cDw568
5zloRUm422
5zoCiSG5
5ZPOnKI516
5zUNj7W938
5ZXLGNe643
600HopO731
602PassX
602X1023
6045rSXeJE3w
604CFC4455
605Tabby
6069KC46
60AeY8q826
60eK5Fm455
60kdsXflat67
60qXi14h
6124AsnL
6143CHICAGO
615AeSt113
&&618Bnm
619jFDH8
61a032F42
61C9QC5b
61Lth7H0
61nXNST4
61Vampir
6245Nishi
6281Joel
629TBCsta
62CEpbul
62GnuX44
62i7YYo516
62tlY2F8
633DFZd7
6383wWdH
63dA2HMY
63Jl3Vk787
*63Msbiw
63YGpzB911
63zdB4P338
6409Head
6424Yucc
642Ft53u
6432SajSaj
6454Nick
6462hsLP
646PkLR557
64Be70uH
64BlueIce
64Fairla
64Ibarritz64
64Jaguar
64Jdz1N90
64Noodle77
64Rp8ir896
64Slick19
6501Rose
6527Maniak
652lebasI
6545Fat3
65Gh65Gh
65x55RDC
660CrIs892
663D7173
667Rocka
66Chevelle
66dbtuK454
66DODGE6
66fksrRjT
66gKgT1149
66Pajitu
66TallonTSI66
66TronGo
6713Andy
6733WINGzero
673WDYNJ26
6768Mick
6782NMDC
678HydUI6
679Gafai
67BE@tle
67Coco99
67Kurt94
67NaWPh937
67sTang\
67Wedding
6800ULTRA
681Danie
6831Navi
683B022R
68Camar0
68Cutlas
68fyrPao
68GBDE6B
68kOitgt
68Mustang
68sCaAnT
692Ea342-
699Blast
69Abdhe5
69abMh07
69Barracuda
69broLoL
69Casco69
69d87M07
69E5d9E4
69IN4Ld692
69kwjaa5N
69@Lingdar
69Monkey
69rkAsnf
69Sg8fa8
69Valley
69Vera69
69XLbfF755
6A6RaSpu
6A6rr3C0
6a7B8c957A
6a8f9AK3
6a8scP9a
6ALLyxn6
6beOBsP631
6BigBux9
6BrC2G15
6bs5Asu6
&6bwyM4lh
6c57eMAD
6C6M6punk
6Candela
6cesHR8g
6CFtVVf7
6CVTKwX2
6d4FXn11
6D4r7A3b8
6D831s7M
6dN1Bz5e
6dnYust527
6Donkynuts
6dYdge8f
6Ecvbcn314
6egopwFp
6egy4Rt727
6Ej6Cwe996
6EkbVHw911
6Element
6ePExDwI
6EZqdnSx
6FgQhjrt
6Fp2hCC6
6fr2If8252
6FtFE1D4
6FwbuEv658
6g7_q8Ap
6gbH3Rn6
6gK8VzT1
6gKbQPz325

Muffet@8
Muffin00
Muffin01
Muffin08
Muffin12
Muffin68
Muffin69
muFFin83
Muffin87
Muffin99
MuffleR51
Muffy1979
MuFr23Gr
Mugen212
Muggles2202
Mugiwara420
Mugm3n0w
Mugni123
Mugsy562
Mugwump1
Mugzii13
muh123Kuh
Muhamedi34
Muhammed1989
MUIKKUSOTURI2
Muisje1985
mUJ4FE1751
mujE1337
MUJEEB24
muknaiaR7
muKsotti1
Mul100ES
Mul10medie
Mull1gan
Mullet58
Mullie123
Multimedia11
Multipassf30
Multiscan10
MultiStar15
Mulveyjess1
Mum1pitz
Muminpappa8989
Mummam1a
Mummy123
Mumu4u22
muMX6r2j
muMX6r2J
mumyD0LL28
MUNCHENORE751
Munchflake12
Munchin7
Munchkin32
Mundo2424
Mundoman93
MUNECA69
MUng1mas
Mungo00!
muNhFVw454
muniTop6
Muniya@123
Munjavkci11
Munkay88
Munkedal64
[MunkEE]
MunkyL14
Munkypoo1
MUNNA1234
Munneke1
Munny7213
Munro867
Munroe12
Mupp3T7Y6y
Mupparn4
Muppel4nkar
Muppet11
Muppetry1
Muppets*
Muppi1311
Muppster1
M#UPtI2J
MUqwerty.
Mur4dock
muRaNos21
MURANYI08
MURANYI8
Murder2442
Murgese7
Murjoel8
Murlock7
MUrm3l11
Murmeldjur1!
MurMelen9800
Murmeli1
Murmeli5
Muropaketti3
Murph2011
Murphy06
Murphy2009
Murphy33
Murray12
Murray1985
Murray26
Murray30
Murray#45
Murtagh147
Murugesh.k
Murzynek1
Musashi69
Muscha.85
Muscles1
Museum74
Mushr00m
mushrooM4
MUSIC101
Music123
Music.1234
MUSIC180
Music1983
Music2013
Music2Lo
Music321
Music6789
Musical2
Musical_2
Musicjet2
Musicman33
Musikmp3
Muskie9911
Musmatta78
Mussepigg99
Must2301
Mustafa001
MUstang$
Mustang0
Mustang07
Mustang1
MUSTANG1
MUSTANG12
Mustang16
Mustang170
Mustang1965
Mustang2
Mustang217
Mustang3
Mustang425
Mustang6
Mustang64
Mustang7
Mustang71
MUSTANG77
Mustang8
Mustang93
Mustard1
MUSTARD2
Mustek_1985
Mustmaagia1
MustT3st
Musty182!
muszkieter14J
Mutab0r0
Mutalisk23
Mutant23!
Mutant86
Mutati0n
Mutchka23
Mutee786
Mutikas1
Mutley101
MuTt650*
MUTTER0327
Muttersprache123
Muttley01
Muttzi72
Mutual123
mUUm1p31kk0
MuVoN200
Muwka123
mUxOZm06
Muzack21
MUzaGaD1l13
Muzza232
M@v3rick
Mv4EbznZ
Mvbravo2004
mVc27!8d
MVemJSu9p
MVEMJSUNPno9
mVfSiQpD4
MVJUix12
m$vqXroe
Mvscp60dll
Mvwo4370
Mw0M6700
Mwerte97
MWheeldon77
MWPDN77Z
mWQmWpb132
MwuExn32
mWVU87d2
mwVxi893
mX65zpaI
Mx68tl7k
MX6RX7RX8
mX88s7TM
mxbr92RW
mxdnHvZ1
MxDx1234
M@ximus23
Mxiv1014
MXlaser123
mxlZPnA392
mXtnNIS425
mXw5lVj786
mXXOqGr517
mxXUO5o845
mXYTd9q5
mxzDJlK7
MY082dre
My13nissan
My1440sty
My1buste
My1Jesus
my1Maya1
MY2SIS123
My3kidds
My3skidz
My49thyear
My4Nigaz
My5futur
My5t1kal
Myaccount1
myaDBA@1985
Myahashare1
myAhashare13
MyAl4Him
Myangel1
Myanna1981
Mybaby86
Myband123
myBlorb81A
myboyTJ6
Mybuddy2
mYc96nl914
mycatMinou12
Mychal123
Mycket6.
MyCoCk69
Mycompsucks1
Myd0gduke
myDAD123@
Mydarling@40
MyDesti9
My.Documents
MYDOGJJ1991
MyDogMax512
MYDOGY12
Mydriver!1
Mydyingsoul1988
MYema1lacc0unt
Myemil07
Myemily1
mYfDHCe377
myG1zM0d
MYgames23
MyGeorge!
Mygirl78
MyHappiness1
myHappy123
MyHappyness!
MyhearT55al
M@yheM2142
MY$horty
Myi847xl6
Myindia1
myIQ0wnzyou
myIQis0919
myJack128k
_Myk3Tar8-
MyKatze337
Mykhal10
Mykids02
MYKIDS10
Mykids13
Myl1f301
Mylaura1
Mylife09
Mylife1019
Mylife@123
MYlittle12
Mylo2006
MYLOVE123
MYLOVEJONATHAN1
MYLUCK168
Mylucky1
Myma1l0305
MYMARINE09
myMBA2013
Mymorgan-b
MyMy1960
MyN3wD3ll
myn3wP@s
myn4meisLJ
Myname11
MYNAME20
Mynameisbob/
Mynameisneil1
mynameisYan1
mynest2B
Mynigga1
mYNmNtb212
MyNutmeg1
Myoffice@7
M@yonaise1
MyOP0k2V
myp2sBk531
MyP4ssw0rd
Mypa5510n
Mypanda1
Mypass11
Mypass44
mypaSSis35
MyPassw0rd
Mypassword13
Mypenguin2
Mypenny101
Mypin2204
mYppbdx738
Myp@ssw0rd
MYp@$$wo
Myr4ever
MyRadio1
Myradlen1
Myrddin0
Myrei1984
Myrmidon18
MyRtAnA88
Myrtille27
Myrtle06
Myrtle76
Mys10Fie
MYsak1985
Mysasha12*
Myself007
Myself123
mySelf82
MyShadow2
Myshell4
MYSPACE.COM
Myst0420
Myst1678
Mysterio93
Mystery1
Mystia@1982
Mystic149
Mystical1.
MySword46
Myswthdr1
MYSZKA123
MyTbone1
Myth0l0gy
Myth1cDawn
Mythdat3107
Mythgal20
Mythology1
Mytina66
Mytreena1
Myv1gn3tt3
MyVette6
Mywing001
MYZ8Y4nH
mZ2auEd577
mZ2wv545
mZ?9%^jS
MZb7Knqh
mZ.CUTIE2
Mzheeib92
MzKitty0
MZML3483
#MZON3movies
Mz.pooh09
N00bpr0n
n00bShot
N00mbies
N00ster5
n08AHuvP
N0ahkunk3l
N0b0dy66
N0b0dyN0
N0BUN4G4
N0CbIXR186
N0cturna
N0cturnal
N0cturnus
N0elke722
N0eS47kfC2
N0FearT0
N0glues1
N0@h2009
N0h3r03s
N0hakerZ
N0kkelfl0
N0Kl1zb376
N0limit1
N0LMJQ19
N0m0r3sh1t
N0m3l4S3
N0meansn
N0_Mercy
N0nen0ne
N0obified
n0Oz6J8512
N0p4ss79
n0Q4tbD5
N0rdkapp
N0rthern
N0rthside
N0rth$t4R
N0rthWes
N0rweg1an
N0sm0k1n
N0soop4u
N0str0m0
N0t0r13ty
N0T0uchi
N0t3bo0kz0rz
N0t4g41n
N0telling
N0tforyou
N0tfounD
N0th0f@gu5
N0th1ngcame
N0tHappy
N0theifs
N0thing7
N0things
N0v1k0va
N0v1ru5w
N0v3m83r10
N0v#m3#r
N0way0ut
N0yrCfA653
N10Z10ra
N13uwenhuis
n16DM152
N1a4V9y5
n1as6emA
N1ch0la5
N1ch0las
N1ckypoo
N1cNval1
N1coad75
N1cola19
N1cS0aP8
N1d13uni2
N1ggerball5
N1ghtblade
N1ghtcat
N1ghtShade
N1ghtstalker
N1ig3g3e7r
n1k4o7HM
N1nj4N1nj4
N1nj4pants
n1nJ4str
N1nt3nd0
N1Nt3nD0@*&
N1ntend0
N1PC4wL7
n1Ph76u154
N1pper@1
N1rvana2
N1sseFl1nt
N1xton0r
N2deep45
n2Tncp9b
N2Y9Zv3s
n2yHkNZ3
N2Zqqyu967
n307R1n1
N30BFHeroes
N30master12
N30s33k3
n32Vserl
n374Naj733
N39snuq4
N3br@$ka
N3cromancer
N3d3rland
N3Dv3d88
n3Fjpff2
N3g4t1v3418
N3gasak1
N3kk1dl3
N3kohard
N3kra55ov
N3l$0n01
N3ls0n31
N3m34nth
N3m3sis5
N3m3siS89#
n3ocgXa325
n3qt8UL584
N3r0R0m3
N3t0vacka
N3tadm1n
N3tw0rth
N3twork2
N3tworkPLU5
N3v3rm0r3
N3V3RMOR
n3Vah0od
n3veragaiN
N3verf0r
N3wC0der
N3whouse
N3wL1f30
N3wm4ns4
N3wm4ns4n
n3Worder
N3wp0r7r
N3wports
N3wt3ch0
N3YL9RL5BFH
N4574muumi0
n4A4Yunk
n4AAJlc531
N4claire
N4d351c0
N4dHtO15
N4$gello
N4GR0M%%
N4GRpDi1
N4ina_sot
n4m79Pji
n4R4ncs8
N4sug2mw4ever
N4talie05
N4th4n4life
n4Tp16de
N4tteefu
n4ycYhn321
N4ZsupV425
n5a4i3b2A1f1
N5hoSWE1
N5L5GAJ4
n5rwEkg2
N5wUKete
N6agtgv4
N6jaabRm
N6qyjsq819
n6rEgD64
n73Otred
n7bwjeXr
N@7e3ary
N7KfUKY892
n7W4M2rh
n7x9hpuK
n7yS9wQ6
n86MeXP9
N8pdFPw2
N8pOqya842
N8rust04
N8t1vezz
n8v7CiGT
n8VBLGK7
N8wnlTsM
N93o543X
N94YGfr9
N9536frnd
N9consum
N9f3qXny
N9pdq8d262
n9pjDih8
n9taJMZj
Na1907Cl
nA39FDN452
NA52HOz235
Na7arras
na86V86ag
na8Nv{sm
Naamaesa142!
Naamari12
Naavankierto6
Nab00mer
Nabe1Mon
Nabe200!
naBena665
Nabeshin0
Nabil1973
Nabisco01
Nabisco53
nabiscO94
NAbo1972
Naby1997
Nachtkastje1
Nada1342
Nadarajah94
Nadesico123
Nadia504
Nadine01
Nadine1234
Nadine42K
Nadmylove82
Nadrojbf2
Nadu0903
Nadzieja2211
nAFhjtB797
naFiet8o
Nafta2010
NAGARAJU@7
Nagashizzar1
NAgBADG4
Nagisa21
NAglfar2
Nagoya20
Nahom123
Naikram14
Nailuj49
Nairne78
nAishri2
Naitomea1
naits11S
Naitsabes86
naje5Rag
naJeknir1982
Najlol/331
najt7aa5JX
Nakashima13
NakedHook092
Nakita1993
Nakkikastike92
Nala1992
Nala2006
NAM0roye7
Nam123Nam
Nam8Tas4
nAm9eles%
nAmAAs53
Namaste23
Namdog69
NAME.BITE
Namesab02
Namiki86
.NaMiLeA
Namlorn1
Namna124
Namre.87
Namreg45
Nan1chan
Nan7Jen6
NANA1234
NANA2267
NANApo09
naNBese899
Nancy091
Nancy1106
NANCY200
NANCY2009
Nancy@Happy
Nancyscott1
Nanda108
Nander32
Nando21!
Nandoo@0
Nani@0099
Nanjing04
NanoP0wer
Nanyo123
Naomi020
Naomi0701
Naomi100
Naomi1982
Naos1989
Nao$sei.
Naoseinokia90
Naouri11
nAp0l147
Nap123Po456
NAPA2651
Napanderi12
NaPaPiR86
Naples26
Naples99
Napoelon15
Napoleao1962
Napoleon1
Napoleon15
Nappou64
NaPrE1X4
NAPSTER1
Napw3321$
NaqATAu853
Nar007nar
Naran3kk
Narawi!@
Narayan1
Narelle1
Narelle78
NARESH.R
NaRHiN_3
Narmi543
Narnia76
Narooma1
Narpas_S
Narrchir123
Narrobs4
NARSIL34
Narusegaw1
Narusha1
Naruto101
Naruto12
NARUTO123
Naruto13
Naruto14
Naruto17
Naruto25
NARUTO55
Naruto5764
Naruto67
Naruto69
NAruto92
Naruto97
Naruto_A
Narya_89
NASA76na
NASA76nasa
nasaLC39
Nasc0R92
NASCAR088
NASCAR24
Nascar48
NascaR55
NasCar$7
Nascar88
NASCAR88
Nase123+
Nasen123
Nasgullord1
Nash1234
Nashaun1
Nashkell1
NASHTY101
Nashville28
Nasi123$
Nasicuccis1703
NAsirjones87
Nasrul89
Nasser11
Nasterboiw2
Nasty$223
Nastya09
@Nastyna
Nasukisu1
Nat3L1ly
Nat75ali
Nataku1en
Natalia_
Natalia12
Natalia1709
Natalia18
Natalie04
Natalie1
Natalie10
Natalie112
Natalie22
Natalie28
Natalie77
Natalie89
NatalieD15
Natallia25
Natalo4k
Natalya0
Natanael9194
Natania55
NATas1984
Natasa&7
Natascha1
Natascha70
Natasha1
Natasha12
Natasha18
Natasha901
Natasha_C
Natassja7
nAtAsza123
Natcham1
Nate1021
Nate1992
Nate@255
Nate6bre
Natenapa123#
Nath0411
Nath6992
Nathan007
Nathan01
NATHAN01
Nathan03
Nathan04
Nathan08
NATHAN10
Nathan123
Nathan1991
NATHAN23
Nathan27
Nathan56
Nathan73
Nathaniel11
Nathaniel-123
Nathanmg1
NATHANryan38
Nati1403
natioN31
National88
NationalEA001
NationalEA002
NationalEA003
NationalEA004
NationalEA005
NationalEA006
NationalEA007
NationalEA008
NationalEA009
NationalEA010
NationalEA011
Natjoy23
Natnatnat2311
Nato2512
Natsam1916
Natsirk#45
Natsu118
Natural9
Nature22
Nature2j
Naughty3!
Naughty69
Naumovic78
#nauruQ13
NauticaGem786
Navajo89
#Navalia1#
Navaronedragon1991
NAVEED38
Naveed77
Navego24
Navel6841
Navi6831
Navidad2
Navigat0r
naviN1992
NAVINA33
Navton3s
NaVVaX33
Navy0105
Navy0221
Navy12Seal
Navy1962
Navysuck1
Na$was$geht
Naweed12
NAYNAY08
NayNay95
naySay2k
NaYvJAu3
NAZAKE93
NazaR091
Nazareth1
Nazgul02
Nazifaen2k
nb0jG4y8
Nb2i9H31
Nb2i9H3184
NBA37dunk
NbaFxgT6
NBCI1310
NBCX7225
Nbelangrijk1
nbj8PaT513
nBkffH234
NBkgGqf582
Nb@N&A+g
NBoX2AUZ
Nbprompen92
NbTgf0D292
Nbuckley05
nbuTuoJ2
nbxJdbi8
nBxU6Xc5
nBxU6Xc535
nBYuZdU646
nbZdJTP756
nc2LFyp4
nc4QJji6
nC7FAox714
nca0kWT537
ncAmerica07
NcaxE3J949
NCC1601D
NCC-1701
ncc1701A
Ncc1701a
NCC1701a
NCC1701A
ncc1701BF
ncc1701D
Ncc1701d
NCC1701#d
NCC1701D
NCC-1701D
NCC1701DBG
Ncc1701ddT
ncc1701E
Ncc1701e
NCC1701E
NCC-1701E
Ncc1701e01
Ncc1701g
NCC1701Z
NCC-2089
NCC2893C
NCCP1969
NCFX2Y7Y
nCgv8xCG
NcHg1945
NcIBI2l748
NCIS4life
nCJN5Ub2
nCkGrQr241
nCmbZmI214
nCmlPIc1
ncnH9bH317
nCo4Life
nCsc9565
NCt8kJD4
nCtstAa6
NcZ7Seq8
ND5nEfJ216
Nd5Xyeg491
ND8Imuh868
n@daFing
nDb8KBe6
nDchljK4
NDFan123
Ndgh4568
NDIRISH1
ndj8YI0112
ndkyG1s418
NDLcz9nP
NDoU5VtW
nDQ2U9S723
Ndresden18
@Ndrew80
ndrWst00ea
NDSFarQ2
NDsnC3m7
Ndsupunk00
NDUtde423
NdW5X3pU
nDzCi2U662
nDzp9ijf
ne0@Damige
Ne11ygirl
Ne14bull*
Ne1578er
Ne1lie152
Ne22dE82
NE2ddwho
ne2p6KHy
nE3dF1r4
ne4263Internet
Ne5NetR0
Nead2006
nealD0wn
Neastern86
Nebojsa1
Necr0man
Necro123
Necroman99
Necromancer7
Necron88
Necros11
Necumings96
NEday213
Nedbear1
Nederland1
Nederland2
Nederland3
NeDHyh1515
nedLan32
Nedster1
Nedyrd1234
nee1hohF
Neea$i89
Need1175sp
Need2b420
Need4Dee
Need4Speed
Need_for_speed
NeedForSpeed12
Neeks_22
Neelia1123
Neemias9
Neenah85
NeetNeet1
Neetu2410
Nefer568**
Nefilim1
Negat1ve
Negative1
NegerJon76
Negerkuk123
Negersson123
NEGGA159
Negoman1
Negombo1a
NEgPb2x8CG
Nehalem08
Nehegfon1
Neige?Brulante
Neiko719
Neilious36
NeilPeart08
Neiluj78
NeinLOL118
Neinyuj1390
NEISHA08
NEISHA09
Neki13pl
Nekofvr7
Nekogem3
Nekogp01
NekoMata69
Nekromonga89
Nektar617
NekTek08
Nel0angel0
Neleh#48
Nelissen12
Nelleke20
Neller38
Nelli2002
Nellie14
Nellie16
Nellie65
Nelly123
Nelly6686
Nellyb0y
NeloAnge1o
Nelsas01
Nelson09
NELson11
Nelson16
Nelson1991
Nelson22
Nelson32
nelson62F
Nemesis0
Nemesis1
Nemesis123
Nemesis1283
Nemesis1701
Nemesis2
Nemesis24
Nemesis2k
Nemesis69
Nemesis71
Nemesis77
Nemesis89
Nemisis77
NEmL4wX395
nemOmgq12s40
NENE@BABII
Neneko00c
Neneng14
Neobug101
Neocon13
NEODYMIUM1
NeoEagle13
NeoGame1988
NeoHunter89
Neok2406
neoL1991
NEOmgi007
Neomini2gan
NEONEO11
NEONp1nk
NEOPASS-11
NeoPrenE13
Neostrada12
NeoTheOne1.
Neotlqr1
Neotoky0
Neounder1
NeoX1983
Neoxx699
Nephi3:7
Nephoz11
Nepov1em
Neptune1
Neptune2
Neptune8546
Neptunx25
nER8CV33
Nerd1234
Nerdbook1
NERDkey94
Nerea2008
Nerevar89
NerF34Ty
Neriki2012
Nero2oren89
Nerual03
NesAdmin1
Nescafe392
Nescafe9
NESHA325
NESHIA.COM
NESODDEN93
Nessa4JJ
NESSA699
Nessda22
Nestle1978
NESTOR138
Nestor77
Net0niel
NET2k006
NET4chan
NetaaM33
Neth3ra6
Netherain1
NetherRealm339
NETpass0
NetpasS1
NetroBb6
Netrong0
Nets12Cape
Netsky1278
Nettie1972
NetWild24k
networ0K
Network00
Network01
Network1
Network1ng
Network2
Networking7
NEtxbTH6
Netyfb9753
netytXIS10
Netzero4
neULxnY726
nEUNCd6s
Neuquen0
Neurohr01
Neutr0nBFH
Nevaada100
Nevada00
neVada12
Nevada35
Nevada85
Nevaeh09
Nevajus18
NevaKeeM1
Nevarit9
NEVER4GET
Never7Re
Neverafria66
NeverAfter256
NeverBeat1
NEVERFORGET07
Neverm0re
neverM1n
Nevermind12
Neverwinter11
Neverwinter44
Nevets70
nevetS789
NeVhOJW158
Neville@
New0rder
New12pass
New2pass
NewAge20
Newbold1
Newborn1989
NEWc0345
Newcastle04
Newcastle1
Newcentury1
newCxm7r
Newday1971
NewDay30
Newegg11
NewHire7
Newholland1215
newJ2obv
Newjobplease!
NEWLIFE0809
Newlife1
NewLife2
Newman07
Newman12
Newman21
Newman44
NewMan99
Newmar07
Newpa5w0
New.Pass
NEWPASS01
Newpass1
NewPass1
Newpass12
NewPass123
Newport1
Newport1981
NEWPORT69
Newquay08
News0rAD!
News@11pm
NEWSPAPER21
Newstart1
Newtek123
Newton12
Newton5393
Newton99
NewTors33
Newuser1
New.Y0rk
Newyear4
NEWyork!
Newyork1
NEWYORK1
NewYork2
NewYorK303
NewYork7
Newyork8
NewYork9
NewYou22
Nexion218
Nexotic08
Nextel_9
nextGEN90
Nexttry4me
Nextxt%23
neXus123
Nexus1312
Nexus.77
Nexus$77
NEXXIS69
Nez1Gor1
NF3jrBg548
nfCout0879
nfDJWZJ674
NFE6GYu7
nfen5A3v
NfFl6Ha921
NFGnfg123
nfIUE2l359
Nflnk4k538
nfNF1027
Nfod1cap
nForce680i
nFpRJC5166
$@Nfrans
nfRnuBU8
nFROq9U3
NFSO4x5l
Nfspeed1
NFSunder2
Nfu7bv8614
NfuQupn2
NfvK55hh
NFYJakI454
Ng346QQp1
nge3Isha
NgEpD3V459
NgeqROK9
Ngfd2on7
Ngf!ff97
NggtF00l
Ngh56oPF
ngi7bIDoo
nGlvL9s9
NGNDRA64
NGoHT123
NGRY4491
ngshiMn7
Ngukurr2
Nguy3n3651
Nguyen02
Nguyentranvu1994
NGVzI9t7
NGwOJcI675
nGxv3lo825
NGzy5eX3
NH002E02
NH2169nh
nH2r6yE9
Nh471du08
nh9Ekhh6
nHc66==H
NHENC161
nHh2yAdc
NHhb4250
NhI8DUg471
Nhieku55
nhj2upUON
nHjBl0819##
NhJbL0819
nhlLxpd5
nhosneruH1
NhShr4S627
NHSSFA79
NHtVrLd867
nHVI0pl957
NhWmfP31
nHwuEXF336
Ni25ggEr
Ni3Tzsch
Ni5nvbTO
nI6o8jP183
ni6Theju
NI73dd3Z
niall8suoY
NiaN985A
Niatania12
Nibbana50
Nibbles1
Nibenay2
NIBIRU1979
Nibiru2012
Niblick3
NIC09starlight
Nic0demu
Nicap1234
Nicap6644
Nicaragua1
Nicaragua650
Nicdy002
NiceDay421
NICEGIRL12
NICEguy1988
niceMIKE54
Nice.One
Nice$One
Nicetry1
Nicetry8
Nich0la$
Nichlabs1
Nichnath1
Nicho1as
Nicholai92
Nicholas12
NicholaS2104
Nichole12
Nichole41
Nichole9
NicholS6
niCi2006
NICK1220
Nick1234
NiCk1394
Nick1506
Nick2007
NICK2009
NICK2169
Nick4Nack
Nickelcar667
Nickie87
Nickisavip1
Nick?Jonas
NickJonas~
NICK?JONAS
Nicklas66
Nicklasp2
NICKMILLER29
Nicko1108
NICKs1993
Nicksta456
Nickster40
NICKY100
Niclas1177
Niclas123
nicNIC93
Nico0209
Nico0483
Nico@1985
Nico1990
Nico1992
Nico1996
NICOCO70
NicoFuj2009
Nicolad1
Nicolas1
NICOLAS155
NICOLAS1997
NICOLAS77
Nicolas82
Nicole04
Nicole08
NICOLE12
Nicole123
Nicole13
NICOLE15
Nicole17
Nicole19
Nicole20
Nicole2109
NICOLE23
Nicole25
Nicole26
Nicole@45
Nicole66
Nicole74
Nicole8059
Nicole81
Nicole82
Nicole86
Nicole911
NICOLE94
NicoleB17
Nicole!Gonzales
NicoleP01
Nicoly77
Nicounleash69
Nicoweb1
Nicoya12
Nicuman1
NIDOKING7788
Nidwid14
Niecy316
Niederb2
Niekka007
Niels1234
Niels1459
Niels1980
Niels1991
Nielsan90
Nielsd1k
Nielsen1002
Nieuwhuis8
Nifruch1
Nig31Tuf
Nigarbeer1
Nigel474
Nigel859
Nigel_la
Nigelsk8r
NigelW12
NiGGa123
Niggajew1
Niggawhat1
Nigger1990
Nigger66
Nigger99
Niggerpie5
Night1005
Night67Fire
Night913
Nightbane84
Nightcrawler76
Nightelf12
Nightfall1979
Nightfire007
NIGHTFIRE123
NightFire2
Night@Hawk
Nightmare123
NIGHTmare2k2
NightRoad2
Nights13
NIGHTS4M
Nightwish5
NightWolf1169
Nighty57
nIGJFSc9
Nihon1go
Nihonjin64
NiJo0510
NIJzH52D
nik3H3AD
Nikana10
Nikankin1
Nikasri09
Nik-Burger
NIKE1987
Nike6jee
Nike7388
Nikeair9
NIKERIA7
NIKI1390
Niki1910
Niki2dos
Niki8910
NIKIcath3
Nikiea11
Nikila@007
Nikita01
Nikita098
Nikitos720
NIKITOS720
Nikke1996
Nikki123
NIKKI197
NiKki1992
Nikki1995
Nikkic00ke!1
NikkiE12
Nikkie98
Nikkigirl1
Nikkijam30
NikkiT08
Nikko1995
Niklaes1106
*Niklas*
Niklas05
Niklas06$
Niklas123
NIKLAS44
Niklas92
Niklaus1
NikmZV2074
Niko1234
Niko2006
Niko2708
Nikola1.
Nikola89
Nikolai0814
Nikolai10
Nikolai42
Nikolaj17
Nikolas1
Nikoleiski86
Nikolett01
Nikolett2
Nikond2x
NikonD300
NikonFE2
Nikos1422
Nikrow81
NikThom01
Nikunj@0109
NIKUNJ30
NikyLov3
NikZ0XT559
NikZ4321
Nilhil2411
niL-JN-Z
Nilla904
Nils1234
Nils1994
Niltsiar69
Niluk123
NiMa1986
Niman1008
Nimbin321
Nimbus31
Nimda969
Nimi2121
Nimish0012
Nimisha0
nimmSS91
Nimrod123
Nimrod-45
Nimrod_G
Nin10do6
Nina1986
Nina2002
Nina5505
NINAPOO67
NINDHY19
NINE1985
Nine2500
Niners49
ninety90GOOD
NiNgeN42
NingunO1
NINIb00g
Ninja1942A
Ninja420
Ninja636
Ninjaboy9
Ninjadork21
ninjaGOD281
ninjakI36
Ninjaman2
Ninjart0
Ninjas69
NinjaShock39
NinjaY4891
Ninjaz4u
Nintend0
Nintendo06
Nintendo1
NintendO1
Nintendo10
Nintendo11
Nintendo123
Nintendo4935
niNtendo64
Nintendo64
Nintendo94
NintendoDSi2
nintendoW11
Niobe1138
Niobe559
Niobe5599
Nipasu123
$niperMaster
Nipp0niC
Nipp@h15
Nipples1
Nippy1*1
Nippy6852
Niromi12
Nirva44iol
Nirvana0
Nirvana1
Nirvana125
Nirvana3
Nirvana_37
Nirvana8
Nis94san
Nismo123
Nismo400r
Nismo400rR33
Niss2n1oonx
Nissan180sx
Nissan24
Nissan34
Nissan350Z
NISSANdude4
nissanG35!
NissanMicra2001
nISSANR390
Nisse123
Nisse23*
Nisse321
Nissekatter15
Nissie01
Nistelr00y1990
Nisukka69
Nitachi4A
Nitisa1234
Nitrate21
Nitro460
Nitroglycerin8900
nitroOz1991
Nitros1978
Nitrox13
Nitsche22
Nitsert01
Nitsua18
Nityananda10
Niveknil18
Nivlek14
Nivram1993
Nixa2001
Nixdorf1201
NIXhst08
Nixon4Ev
niXXon73
Nizz1448
niZZe234
nj30CFn814
nj4796DRU
Nj55Yd13
nJ9kLpL728
Njadf4do
NJCl5e7Ft
NjCz0109
NJdev1l5
NJDoll11
NJE2otS399
Njf/102h
njg$ecreT
NjhIhaq7
njKFOtF751
Njno2110
NjnOTNe867
NJomyj62
NjpUzlt6
njr8BL2317
NJVBM33n
njyhLzo644
njyQiVh5
njZkfbf821
Nk090Vu3
NK0Csxw765
NK1rGURD
Nk6SnZU642
nk9Soqn5
Nkateko1
NKBUXhk9
NKcXnSH629
nkDKN26x
Nkdpwr12
nKGHfQS1
NKjdb2Bg
NKmLRon9
NKo33rT9
Nkqcck0501
nkriK5xR
NkskTGB2
nkVlhVT9
NkzDQHI3
Nkzsm5Nkzsm5
nKZyJ6L954
Nl1ghten
NL1tsagadar
NLc0FDU813
NLEnG335
nLG3FvKa
nlH01dem
NlJk8XQ2
nLJNdD46
NLm6EOH215
nLOEyVl926
nLoJDkg7
nlPQ3WS316
nLq7cayEa
NLR0DRH718
NLRacing22
nLRdGEJ3
NLV4yIf269
nlVjg3X731
NLx87mark
Nm,.-123
NMBR1ANGEL
N*menour1
Nmmnnmmn0
NmRk5yj&
NMWx3454
NN2121lok
N!n3!nch
Nnaboo24
nNBWq0t6
nnBZu7U9
nNcjKN9977
N@ncy@1979
n@ncyKhu
NNdDdLB1
NndubqC166
nNE1ilW828
NnEe12Ss
nnIlVmn4
NnIYS554
nnkiWd82
nNOFyNm915
Nnollo78
nnSKwLy5
n!ntenD0
N!ntendo
Nnutbj23
Nnvr1598
No0odles
no1Butme
No1Highlander
No1noz22
No1pdefault
No1plays
no2rKCA439
No36Al14
No3Eroic
no3Hybr1d
No4204me
nO4grEEn
No4LbyN972
NO707NO707
No.7Brand
nOAe3pW4
Noah2008
Noalco40
Noamoak6
Nobber123
Nobe8692
NOBfqy13
Noble1215
Noblebird1
Nobleism09
Nobles10
NobodyElse17
NobRjnG611
Nobtits1979
NoCert41
NoCH31n5
NochCooler3
nocnaKotka1
Noctrnl1
nod99ICY
Nodachi5
Nodachi8
Noddes1972
Nodecoas12
Nodgdi2592
Nodles+3
Nodrog03
NodSit66
NODVtyY2
nODzylZ6
NOEL0208
Noelmar717
NoEstoy7
Nofa1776
Nofx1030
Nogard13
Nogne3a966
NOGOBEN10
Nogues33
noh0K2q616
Nohman12
noid10T>
Noidem77
Noir123##
NoitcaLaud1
Nojoke55
Nok25dik
Nokaoi67
NOKIA007
NOKIA123
Nokia1842
Nokia2100
Nokia5110
NOKIA5530
Nokia6150
Nokia6210
Nokia6600
nokia6630AGC
NOKIA7650
Nokia79~
Nokia821
Nokia910
Nokia9210
nokiaA90
NokiaE51s
nokiaN73
NokiaN85
nokiaN95
nokia@N95
NokiaNgage1
Nokipo12
NoKo1995
Nollab86
Nolzen$91
noM8SgxU
Nomad1337
NOMAD_31
NO?MAN?0
Nomath21
NOME1975
Nomeko123?
Nomia001
NOmind108
NoMis1962
Nomiss5020
Nomsa600
non0d5C2
NoN33dtorush
nonaMe123
No=name644
None_2011
None4you
Nonore1211
Nonperfect1
Nonpoint1
@nonyM0u
Noob1234
noob1991BOON
NOOBER11
Noobie66
Noobnnew2
noobyMAN123
nOoCIm19
Noodle11
Noodles0
Noodles1
Noodles6
Noones132
Noordhoek1
Noordie2
Noordie3
noP6OPX2
Nopa55word
NoPass87
No?passw
No@passw
No$passw
No&passw
NOPD2179
Nopen0tit
Nopileos112
No$poker
No$pying
Noramirul3
Norbac13
Norbert3
Norbert41
Norbibsv93
Norbye300
Nordin82
Nordkorea16
Nordrhein3
Noremorse3
NoRest435
Norfolk123
Norisa2006
Norman12
Norman20
Norman27
Norman55
NormaN61
Normbutt62
Normski4
Norrin97
Norring1234
Norsenal1
Nortel202
North25be
North312
Northernstar1
northWOOD1983
Norton06
Norton12
Norton123
Norton2004
Norton35
Norton850
NOrules1990
norulesS1
Norway12
Norwe5t966
Norwich1
nos12ilA
Nosepicker2
Nosferatu314
Nosher..
noSIR001
Nosja197
nOslen7284
NoSlIw10
NoSoop4U
NOSOUP4j00
NOsoup4u
NOsoup4U
Nosoup4u17
No?Spam!
No.Spam!
NostawAmme14
Nostonk1
Nostunk1
Nosuren6
Not24get
nOt2sWee
NOT2worr
Not4u2google
NOT4u2NO
Not4U2See
notACHC8
NOTall0w
Notamac2
Notasek01
NOTBNOTB3
NotDandy10
Notes159
Notesmail03
Notgood56
NotHaII961
Nothing0
Nothing01
Nothing1
NothinG1
NOTHING1
Nothing21
Nothingmuch001
Notm3Notm3
Notnaw123
NotNice357
Notoks23
Notorious2009
Notox360
NotRadical22
NoTrust1
NOtrust2u
NOtruth269
Notsilver21
Nottage1
Nottingham668
notwasH4
NotYours123
Nougat12
Nouk1620
Nouk4ever
NouZOn4146
Nov@1978
Nov22@19
Nova0519
Nova-75-Abra
Novac1ne
Novacaine91
Novacat1
NovaIgra01
Novanova13
Novel2001
Novell2580
November02
November1
November11
NOVEMBER14
nOvember22
November2524
November29
November!29
November7!
November83
November9
NoviHigh04
Novolog2
Nov@sun09
Now4Just
Noway001
Nowoman1
NOX1Qpx3
noxirE90
Noxobose95
NoymGun6
NozE3paF4
Nozzle32
Np0l1c3T
npa94dET
NPAI9Lc857
Npaltu77
npe1m7A667
npjdgSp3
npkd958N
npmePSr565
NpoxrZq8
nPRdlnv614
npsoToD4HER
nPubsI3j
NPX8Jpi9
Nq2PDAd672
nQ629FQ648
Nq9hLSs219
nqAyNpg8
NQBzM18S
NQCE7535
NQjALsI3
Nqkhdqc3
nQl5Jqj839
NQmej1Q459
nQOaLAw878
NQoss345
NQPPBJ0876
NqQyuX34
NQRqvwz8
NQSVvx27
NQYbgsw2
nr1kQHE671
Nr1security
nr4RHG01
nr5Bmme8
nr65teA571
NR7wSKD3
Nrasux22
N@rC0t1c
NrDqOOG258
NREYB8T8
Nre;Yein
NrFr7u6t
NrGJqZL253
NrjeOi5911
nRkaJ2z4
Nrogara23
NrOW9Rs566
nrsEZOp164
NRsk2iKt
n@RUTo01
ns1ZHXIV
Ns22xBmar
NS23multi
Ns6od2g1
Ns8mQXc996
n%SB3931
N@scar38
NSFCD976
NSFJomen1
nSgFTGx6
NSH-1n-w
NSJM4PRI
NsksTGB2
NSKyvo55
NsNo1878
nSPQe4Cj
N)sq4TTJ
NSRotiQ721
Nssq3aQ136
NSsQVyD269
NSsxjGz1
NStahl24
nSu4Jy75
NSVZ86W597
NSxJhhN5
Nszc9358
@nt0ineL
Nt1SXNs564
NT24ELf18
Nt5COB4761
NT9lYYy139
NTcfqw35
NTDX1960gandalf
!ntegraG
NTeUfc3886
N.Teussink
n@thAL1e
NthDthC1
NthMelb1
NTHS0120
NTHSTAR9
Ntktajy95
nTnc0919
NTSYRB01
N@ture12
nTySfFY696
n@t@yuBs
Ntz4ever
NTZfjUA868
NTZJNVX531
ntzlAlT148
nU0G4qU7
nU0jfIt925
Nu11zer0
Nu182F@n
Nu1sance
Nubber91
NuBtv1Z725
NUBY.dog2
NUccio37
Nuclear25
nud3maRtEn
NudEln09
nuEIhkZ378
Nufflarsen93
Nugget11
NUGGET1996
Nugget67
Nugget88
NuHer.2009
Nujs_327
Nujtxeeg@123
Nuke5150
Nukeb303
Nukester08
Nukezone2u
Nuklearo0142
Nulli123
Num8mYf891
Numark12
Number1!
Number10
NUMBER10
Number13
NUMBER1L
number21NICC
Number25
Number49
Number.7
Numberofthebeast1
Numbulwar824
*Numenor
Numenor04
Numerical123
Numero_1
Numero_un0
NumLock123
Nummer15
Numnuts6
Numpty12
NUPEK120
Nupp1986
NUPRIN66
NUqErdU7
nuQneH55
nuqu2Sho
nur1worT
Nur9l1n9
NurdUp!9
Nurghal10
Nurgle01
Nurgle92
Nurse017
Nursing1
Nuss8315
Nusser64
NuStart4
Nutella1958
Nutella500
Nutsack1
Nutsack9
Nutsh311
Nutslen9
Nutsy016
NUTTER_TOP
NuVH8Xw2
Nuvola48
NUVZmCj364
Nv11eh32
nV4owSmm
Nvcmjjd9
nvd6323JM
nvFhvKv271
nVida433
nVidia06
Nvidia32
Nvidia3d
Nvidia8800
nVidiaGeForce9800GT
NVip9CK9
nVN0DWSQ
nvn6Wfn167
Nvo7xCL1
nVoSAD85
nvOWOTg573
NvQAV6E532
NvrAgn63
N@vsat35
Nvw5urQ4
NVXLTLX6
NVYdsv58
nvYOkEm4
NVzDQm4824
nw103bjEd
Nw25vf80
NW5and4Q
nw602nD7
nWatSLx7
NWB544w1xv
nwcHermes99
NwDfzLv5
NWHcBfl2
nwhq5Ys593
NWlcv4H4
NwmBiIP281
NWO4LIFE
NWSfqwc7
nWV528MX
NX6PVym9
NX7ARJc522
nXaijfF936
NxbeLu5971
NXdnxyz2
nXf2Tsy281
nxIPEkL1
nXk7e8L269
NxoyEGM6
nXQ9lng(
NXQZFPD1
nxQZzGe894
nXU5Kax7
NxUKKp98
nXviG3j868
nxxkwk4H
nY86dY12
Nyakomaber78
nyAqd3d6a
nyaR1980
NYBABY12
NYBOER221
NYC718bk
NYCfeb10
nYCi8pg131
NYcits25
nycyQE95
Nyglas2K7e
Nyholm91
NyIpV6J567
NyJ4ieQ653
NYLON7987
nYlwo735
NYM3x1,5
Nymphetamine1
NYOwAjy377
n+(YpQV3
Nyquist00
Nyrobi78
Nysaun21
NYSE8753
NYTEYANA2
Nyu54MNi
nYX68tT747
nyy.41SEO
NYzIJzL381
NZ1988jq
nz1Q0nV2
Nz2418V643
Nz7g0228
NZ896E1585
NZcjr267
nzG0Een736
nZLqjYV718
Nzmdfcn1
NznwcCG579
NzqAQLY688
nzSDhg2Q
NzTOuLH349
nzua7Iw616
nZxidUV531
NZxJgLO332
nZYZsXf522
O022yEw7
O04PGkf273
o09C8855g
o0GcVD11
O0HRvWO862
o0pQ2w12
o0SBPp2671
O0Suttj936
o0TIz9T846
o0uaR5v255
O12i7O12i7
O1HKk414
O1iver27
o1Kc82m$
O1M2E3G4A5
O1oybo8656
O1pvlwZ1
O1Q0pSz3
O22OV3k192
o23EYUE1
O24sj7wg
O2BEEinMT
O2m4eat891
O32Bm6t8
O34J5eo323
O353mgV2
O3amJivi
O3caR229
O3rdiw2F
O3ScXUb798
O4523dinO
O463AB21
o468wVV8
O4aBLhb861
O4PvQJ6774
O4valley
O4XbFlD8
O5akland
O5ibj2bf
O5iris!!
o5kIisR8
o5x72LKq
O5Xa4Rb7
O5zwZcA789
O6c03N6876
o6q5Q8t7
o6w219W115
o6ynsOu139
o6z0yGq723
o71Lo8R2
O7mLhXLQ
o7xbYjx595
o86hvvThe6$
O8mXSno767
)O9i*U7y
O9lR7eC688
O9tl9LJv
o9U-dK1x
o9UVUEkh
o9ZJRzW638
oA0T89x559
oA93qOLLI
OadC4nwr
OaDn2dw552
oAEYEtI513
oaGyn8x935
OaK55voap
Oakdale1
OAKhamD252
Oakland1
Oaks6796
Oaktree7
oAl3OiG1
oAo39jP753
oAokxGv318
Oara1980
OarSum1!
Oasisg1985
Oast-331
OazWsvr6
oB2vPBb362
Obama123
Obama12God
obBQPWR265
Obelix42
OberOxO2
oBERSCHULE7
Obesegnu12
ObEVqwG955
oBEysnv1
oBfizhe9
Obiad20L
Obiwan12
obJNdCd423
Objoyfu1
objzV7Y332
Obl1v1on
Obl1vion
Obli6vioN
Obliter8
Oblivi0n
oblivIoN00
Oblivion1
Oblivion16
Oblivion3
Oblivion4
Oblivion7
OBLIVION7
obob24BO
Oboeplayer35
obptZS83
OBRA1958
Obs0lete
ObS139nS
Obscure0
Obscure1
Obscure4
Obse$$io
Obsolete4
oBu1Wi55
ObUVI998
Obvious1
OBwan123
OBwan848
ObywlRs5
oC1Pxto7
oC1ryZmm
oc4mTAV236
oc5eJjV3
oC7CxVEM
oCap1007
Ocarec68
OcaWB4e749
OcbSlim2
ocdKFmr2
OceanFin4
Oceans11
Oceans2005
Oceans30
Och2Cgt6
ochi4Joc
OCHOITA21
oCHR2xk172
ociPZtn692
oCj4yoE5
oCj4yoE5n
OCkyle@7
OCl8ukW183
Ocrafty1
Oct0ber12
Oct11th1957
Oct8puss
OCTAGON1
OCTAVIA1
Octavia52
Octavian1
Octo21$$
OCTOBER_
OCTOBER02
October09
October1
OCTOBER1
OCTOBER13
October2
OCTOBER20
October25
OCTOBER28
October3
OCTOBER63
OCTT1018
O!cu812!
OCUlDXh132
OCZtech12
Od6cg0F767
OdBkeiK652
oDbzK2p274
odcY1XQ275
Oddsare3
Oddworld1
Oddworld23
oDelft15
Odelito1231
Odell690
oDGwJn7113
oDI0aPb451
Odiebaby123
Odin$080
Odin6346
Odinpup1
odinRE81
Odisej2010
Odjidja71
odLzH7y992
odQWvjI428
odraciR123
Odruspie12
Odyssey42
ODzHfqX598
oECmbz5724
oED56X68
Oedee6we
Oedekerk1
Oeko1985
OELShUm9
OEn24K7325
OeTSV2b7
oeW45fbD
of4Iru06
OfcReIx829
ofDqnL05
Offbeat30
Offbeat33
Offere01
Office01
!Office1
Office1990
Office82
Official15
oFFline9
Offspring1
Offspring10
OFGFZZB191
OfpgnHg1
$Ofuckin
Ofv7Nnk2
oFz136mb
oG1ktOH416
OgA9kNP323
ogameNDS1
Oggie231
OGGIE808
OGGOSTINA6
Oggy1966
Oggy1998
Oggy2002
*OGhelms*
OGLdarkinf3rno
ogo7Ques
Ogr33dmo
Ogre2112
Ogre6473
Ogremag34
OgU31TYa
Oh3pCUW6
oH7pl0ikk
OhCGJGH2
ohenRy28
ohGwGEN468
Ohhenry1
Ohhyeah1
Ohio0dli
oHiXZ9fj
OhJuoe62
Ohl8kkPb
Ohman098
OHMH-293
ohMy3133
Ohno5582
ohoHOR82
OHOV4tyV
OhShit12
OHSNAP01
Ohth5tho
ohv5W2k712
ohy0Gc927
OhYeah408
OHYEAH78
oI0Gm2j5
oi1Pf26jcX
Oi2BPpL583
oi7e2Nd7
oi7RPSQ4
OIAiUB0x
oiauls123GR
oiccXzv741
oicu812B52
oicvL6J1
Oie-Oie-
OIgQL908
oiH8this
OII9ILe9
oikZil08
OiLRtXn587
OIMADvs1
OinkOink22
oiO2BIZ152
Oirre456
Oiulkj99
oizGqaK149
oJ88WCsj
ojB0ITK672
Ojersjo2009?
OJj7fwZ7
ojnfYwZ4u
Ojolho255
ojomFb7572
OjqXmBF7
ojTbxzi6
OJTU54x2
Ok3hampton
OK9N0GQ685
ok9QrxF974
okalo00O
Okami052
Okami108
OKeB9Lh2
Okilak50
Okinawa1
OkJSjKb446
oKL3cHn624
OKLAHOMA1
OKLFMNX3
okLXe7buPe
)OKM0okm
)OKM9ijn
)OKM9ijn*UHB7ygv
okmijnAwD1985
OKN0W916
OKOKOK12
Okokok90
okONzCo8
OKOROMADU1998
okswar5R
oKtMZe4FK
oktober10DW
OKTober183
Oktober2
Oktroj11
Okwjl4i643
oKzgUnixc0
Ol1verL1ne
Ol66p656
OL90CA47
Oladecalor1
Olaf1601
OLAnormann1
Olbers85
olBPIRd844
OLCFo6I4
Olching1
old0Fart
old789CAT
OldDog07
Oldestpers0n
Oldh3aven
Oldmole1
OldNavy5708
Oldnich4
OLDNUM31
oLdq9uB199
Oldsch00l
Oldsk00l
Oldtown6
Ole053bc64
.Oleande
Oleball#69
Olegna71
Olenelain82
Olga0022
Olga+230
OlgaPawlik84
olHl7nU5
Olhs2010
Oliman01
Olimpija415
OliTore.
OLIVE1912
Olive233
Oliver**
Oliver01
Oliver123
Oliver17
Oliver18
Oliver20
Oliver2212
Oliver23
Oliver30
Oliver3174
OLIver38
Oliver66
Oliver79
Oliver89
Olivia01
Olivia08
Olivia10
Olivia12
Olivia2006
Olivia2k
Olivia44
Olivier02
Olivier1
OLk8nmu6s
Ollebolle1
Ollehund.77
Olli1995
Ollie2006
Ollie636
Ollt1234
Olly1985
Olly2007
Ologos30
OLONEUV0S
Olorin3737
Olson220
OlSsNKi782
OLTDUCK61
OLUSOLA2
Oluwapelumi0606
Olveho81
Olya6542
om1HQe6155
Om26exki
Oma11entic
omagSS65
Omalley5
OMARION@
Omarlang123
omd62Putte
Omec1968
Omega007
Omega1101
Omega1250
Omega197
Omega254
Omega321
OMEGA518
Omega52$
Omega73!
Omega936
OmegaAt8
Omegaflare123
Omegaprime00
Omegaprime1988
omen3401BoB
Omesta42
omfgDiligaf5
omg0mgOM
omg9181HAHA
Omgbg0100
Omghhk00
omgLOL12
OMGn00bz
OmgRoflmao13
Omgtkk!yb
Omgusuck1
omgwtfBBQsas4
omgzg33kS
Omicron0
OmiCron112
Omikron12
omiwO5q8
Omk118W317
Omk4t3rfc
Ommehul0
omN1BPn259
OmnePet27a
Omnis4ev
oMnna1984
OM.NOM.NOM
OmpenAiE210
OMS325c!
Omsai123
Om_sairam8
Omshant10
omtTNVY793
OmufPGT23
omxoIov593
on3Th1ng
on3Tw0th
ON5zRJF721
Ona-rey3
Onbetrouwbaar$1
Onceaga1n
ONDEADOM1
ondinaS89
one2Thre
One2thre
ONE2THRE
ONE4numb
ONE4U2NV
One98thr
One_Brea
Oneday15
Oneeye1i
Oneforall68
Onegame11
Onegin22
Onename5
ONENICK13
oneofouR0
Oneoftwo1
ONEONKd827
ONEpromise2
Onereef1
OnesH172
OneTwo34
OnFire10
ongo2Hof
Onguard1
Onichan94
ONICjIA9
Onida2303
Onigai01ke1e
Onimusha1
onion2NET
oniso#24R
onJune14
Onkelz23
Onkelz28
onle4u2C
Online1!
Online123
Online2010
onlineD7
onlineN!
Onloimii1
Only@1ck
OnLy1KnO
Only4crew1
Onlyforme11
OnlyMine1
ONMV@ng4
Onmyown0
Onq3QWy963
Onrevax07
onRGBQq145
oNRSSvP593
onRway2U
Onsdag1987
Onstage1
Ont1rio9
ONTHEBRINK182
Onthouden09
Onthouden151
onukak50POI
oNxtpf7r
OnyUsul8
ONYXKA123
oNzShug5
oO0oO0oO0
OOa6CIuJ
Oob099l#
Oob3rman
Oobiwan78
OocsvUE8
OOE95Tw495
ooeDVhn743
ooitd4jQe
Ookami.1
ookie12ES
Ook@mi03
oomi3Him
Oompaloompa01
OOpp??99
Oorah2831
Oorgat48
Oorkzen1
Ooshaboo123
OOSHKABA!
Oostzaan2
ooSuper743
ooto2Lee
oOvNSBT6
oOw33Sp7G
oowei8So
ooZdQTN8
OOZeCEA1
oozooR6o
Op0sitiv
OP1E0UC361
oP2yvpD867
op3ANGq643
op3n2Fly
Op3n5ezm
Op3ns3sa
Op3nS3sam3
Opaali123
OpaKiller1992
Opaldog2
Opaloveyou4
Opaque11
Op-Centr
oPCJE5A868
OPdaXry2
Opelas12#
Opelascb1
Opelastra20
opelGT69
open12SYS
OPEN2001
Opener00
OpenGL32
Openme11
Openone7
Opensaysme1
Open,ses
Open@Sou
Open&Sou
Openv1ew
Opera1968
Opera877
operationFP2@
Operator1
Opeth4Ever
OpfahSV9
Ophelia1
Ophelia2
Ophelia90
opi2x3HL
Opilane2
Opinion0
oPiZbev638
opj43Eg537
OpK59XG1
-op-KL-2
OpkLmz27qstr9
Opmas123
OPolanin11
OPPOoppo1234
OPqtI3T8
OpRnWh01
opsiQ478
OpT6m66FdA9x
Optic0ra
Optic-Pro
Optimus1
Optimus13
Optimus2
OptimusPrime7200
Option-d
Optzaiw191
oPUF1AK723
Opus6787
opxTpS2338
oQAYG1u919
OQcg7WN7
oQEQGbJ3
OQttV9Jp
oqTyQWk5
OQXBOC81
Or024nio,
oR1gin13
or1lICv378
Or1onPax
OR1xKdA364
OR2TkF2514
OR30Cook
Or4ac5le6
Or4imNR4
or5728TT
Oracle01
Oracle113
Oracle@123
Oracle42
Oracle51
Oracle85
Orameisha12
Oran261g
Oran5991
Orange00
Orange01
Orange07
ORANGE08
Orange09
Orange10
Orange12
Orange12!
Orange123
Orange13
Orange14
Orange199
Orange2142
Orange22
Orange23
Orange33
Orange37
Orange41
Orange55
Orange56
Orange64
Orange77
Orange85
Orange88
Orange99
Orange9mm
OrangeBox913
Orangejulius63
Oranges2
Oranges5
OrangeSol57
ORBIT123
Orbit$456
Orbital2008
Orca8745
Orcas199
ORCHARD1
Orchids8
Orchunter101
Orcun123
Orduss123
Oregon101
OREgUff421
Oren1428
OREO0123
Oreo0930
Oreo0reo
Oreo1821
Oreo2002
Oreo2007
Oreo3476
Oreoapril1
OREOSMITH5
orfeUS88
OrFTQp17
Organon1
Orhann123
Orient1234
Origami1
Origami91
Origin16
originalBF07
Orioles1
Orion015
Orion1976
Orion200
ORION321
Orion357
Orion496
Orionc17
Ork2orks
Ork33boK
Orlando1
Orlando16
Orlando6
oRLAx71M
Ormbrim1
Or@nge87
Orochimaru11
OroFinor213
O'Rourke3
ORPH2304
Orphan13
oRPhan1991
oRqBV1w6
ORQUB1E661
Orques87
oRQ\xp1r
Orson831
ORTEGA530
Ortodox56
ORTVRBI-
Orw5yLz398
oRWDLEp587
Orwell!1
Orwell19
ORxRopi813
Oryan123
oRZcoKL256
Os2kV7Qs
OS2WARP3
os41EGZ327
Os9jKlAP
OSaF7uQg
OSAI1995
OSBoss13
OsbYC2B677
Oscar162
Oscar1Asher
Oscar476
Oscar526
Oscarboy2
Oscardowney11
Oscargus123
OSCARolsson1994
Oscarv08
oscot3S?
OsefOsef022
OSEKOVO2
Osella31
osfpxRW4
Osgood14
oSh3YNb341
OSHANAE2
Oshkosh7
Osiris18
Osiris28
Osiris67
Oskar964
Oskari11
OsKuri30
Oslo2008
OsmanU11
Osmium23
Osmotin1
OSMT7622
Oso2uHAR
OSOSEXC08
osPVivD1
oSQ2Uou974
OSRu7jn548
Oss825y5
oss-Kost
Osteper1
OstePoP4321
Ostepopp1
osteR010
osthAmn5
OSUbuckeyes08
OSUGreat1
Osuji1982
Osvald11
osvenD123
osW21pz01
osWGCJG253
OSYR5EGk
oSzHHEC153
OT0i34D349
oT478#af
oT6hsXC196
Ot74w3q2
Otakudom1
oTde52x726
OTE08opi
Oteow187
otgw12Y626
Othell23
Ot_if4N7
OtisCat2
OtKJdV1486
Otori113
Otro86liG
OTs9T6Lp
OTsGHoV7
Otter422
Otties50
ottO70tre
Otto$der$2te
OTv6uV25
Otwock1975
otwX0e20
OtWXYyH8
OTxqfn56
otYQtmI7
otZ34nTJ
ou3Rr3Ul
Ou65On08
OU812abc6
oU812dLf
OU812giz
Ouabaine1
Oublie00
OUFU2OUFU3
OUhsOk3616
oukIYiy7
OUmOZE4211
oUNN91w657
Ouranos1
ourGod77
Ourlife0
Ourmoney2
Ourob0r0s
Out2Yawn
Out3back
$OUT9HERN
Outblast88#
Outbound22!
Outheroe23
Outkast1
Outlaw19
Outlaw44
outlaw815C
OUTLAWZ92
Outofit6
ouTpost1
Output_1
Outraged2
Outsom79
Ouwefiets1
ouZIh1t3
Ov2hsa58
Ov3rview
OVALLES1
OvalZht5
Ovation1
oVc8Nbyz
ovceizF163
ovCjN0W1
ovCjN0W161
oVer12nes
Overflow1
Overgaard0618
Overload1
OverloaD100%
Overload3
Overlord0
Overlord001
Overlord1
Overlord@1
Overlord11
Overlord87
Override94
OverRnB0
Overseas1
Overweg46
oVGAzzr3
OVgbKIP486
ovh75VLL
Ovidia12
OVLIBION7
ovmGyiy7
OVmW4Us992
Ovoono11
OvSPs9e481
OVwUF049
ovXz0kz375
OvYA0fG2
OvYA0fG279
OvYEp6r678
OvyGOWm953
ow8dRzQ454
owA2TZ46
Owan1991
Owarida1
Owasso20
OwDnx3A391
OWeik5b168
$Owhat90
owhfrY8353
OWHnfpW2
OwN2LiV3
Ownage11
Ownage12
Ownage123
Ownager11
OWNbattlefield123
owned23Ziom
OWOdAUn447
OWozVyW3
OwrsTzo4
OXcstkS673
Oxfordkr01
oxhvGTy4
oxnaSba7
oxQeQW3549
oXvTjA0887
Oxzajin12
OXzjPrG7
oY44kgp833
oYAZggd997
oYbDLOH191
oycZXBj373
OYFOd3vT
oYGwbTf243
OYHm4Pg7
OyIr1HS496
oYlwCVl412
OYm3ZGg9
oYooR8o8
oYp4qrh574
OyQ3lmxx
OYqREaS3
oyStp9g781
oyzDrls3
oZ1SBqq455
Oz6miII2
oZ9odcE136
Oz9v0Aq236
Ozarks33
OzB5gWF484
Ozcougar77
Ozelot77
OzjslsX753
_Oznew22
OzoneSoft2012
OZsKidc5
oZUc83ke
OZvLCxB319
Ozymandiasnow19
Ozzaws1988*
OZZIE318
Ozzman12
Ozzy?2004
Ozzy2007
Ozzy#420k
P00hBear
P00hP00h
P00KI3B3
P00lster
P00p.82.
P00perZ!
P00phead
P00PP00P
P00to569
p00viewL
P02wj56h
p03trY99
P055um09
P08Cftu6
P0934kla
p09oW@!Q
P0asswor
P0cadbyB
P0ck3tF0x
p0ck3tTT
P0cket9z
p0co@BFH
P0CyKQ04
P0dberak
P0ekiep0es
p0IfNdV194
P0K3R1@3
P0ke2moN
P0kemon1
p0kemonS
p0kerb0keN
P0kermasterjc
P0L1T1QUE
P0lar0id
P0larbear
P0lkagr1s
P0lleke12
P0lly001
P0lsedyr1
P0lygone
P0lytech
P0mmesbud3
P0mp3y08
P0mp3yBoy
P0mppulinna
p0n7iC31
P0neytos
p0nG07o1
p0nG07o1d
P0nKR4wK
P0ntoppidan
p0nTSUp5
P0O9I8pp
_P0o9i8u
P0O9I8u7
P0O9LI8U
P0o9w2e3
p0O(i8LK
P0p2christian32
P0PNFR35H
P0ppel0ppel
@P0ppy76
P0pul0u5
P@$$0rd.
P0rk4G31
P0rkch0p
P0rkCh0p
P0rkchop
P0rn0Baer
P0rn0g0vn0
P0rple11
P0rsch32
P0rtista
P0rtland
P0rtra1t
P0rtsm0uth
P0rtug4lMaster
P0rtugal
P0!son1vy
P0ssible
P0ssum85
P0stbank
P0tabcak
P0tat010
P0t$Pan$
P0Ux5O98
P0w32m4n
P0w3rconverter
P0wer1995
P0wersup
p0wn3dXX
P1003eike
P10J03c42
P10n33r5
P12ugsly
P13d6308
P14n0m4n
P1550nya
P16a1u21l12
P1990cei
P1aseme1
P1ay3ime
P1B7lhr5
P1e0t4e4
P1ebbles
P1etens1
P1gBen1s
P1h8o5X3
P1JG6ZLJ
P1KaWa11
P1KR6G17
p1l1p4l1Pum
P1llB0x@#
P1ltunet
p1LXhPX995
P1mp4ever
P1mpflex
P1mps73r
P1neapple
P1nerman
P1nh32dz
P1nkFl0yd
P1nkhouse
P1nky199
P1p3rqvu
P1r15ca5
P1r4t3f4n!
P1ril@mps
P1rinces
P1SfDt1515
p1SKUlLo
P1ss.0ff
P1ss@0ff
P1ssivari
P1ssm30ff
P1ssw4rt
P1tT0dR13
p1tWmqg1
P1vXe9X162
P1xq49w8
P1zz46uy
P1zzabr00dje
P1zzaface
P1zzahut
P1zzut05
P20t5o39
P211JCiL
P22Qr45Gs
P234P234
p25vDCl638
p2aBExch
p2jeaGr286
p2JwahVQ
p2JwahVQ1
P2kAlMiG
P2KoB8uG
P2ll2di2
P2nasoni
p2Nu8tyd
P2oRcgR729
P2PAezkp
p2RsjJ77c
P2ssw0rd
p2vvXRm7
P31PP0N3N
P3322DYg
p33d13RiP
P33K4B00
P33kab00
P33lklein
P33p(ee9
P33pshow
P34c3m1ll10n
P34c3r1075
P34yjKg1
P3a2n2d9a1
p3ACH3$1
p3afPyn8
P3bbles2
p3bp3LaU
P3BTNq29
P3BxZe2524
P3DALLAS
P3dr0581
P3Ethu7H
P3g@susl
P3h3xuyA
p3JhbUD1
P3kAFZ6g
P3KfwRVQ
P3KK4F1N
P3nd1ng!
p3nduluM
P3ngK1t17
P3nguins
P3nn3r1x5
P3nnyw1s
P3nTsn8kE
P3oplePE
P3pp3r72
P3PS1P0W3R
P3raP3ra
P3rciv4l
P3rcu551
P3rfectdark
P3rfekti0n
P3riscop
P3rk3l303
P3rkeles
P3rn1lla
P3rttul4
P3t3rPan
P3t3rson
P3terson
p3trJPkm
p3TziaP7
p3xc3UapA
P3zz4M0f
P40l0E7e7
p422w0rD
P44o1gtu
P44v4l1i
!P455w0r
p455w0Rd
p455w0RD
p455W0Rd
P455w0rd
P455W0rd
P455w0rd5
P45svv0rd
P45sw0rd
P47rici4
p4AcHOi9
P4BycoT1
P4images01
P4ljetak
P4lV6o5f
P4lV6o5fdf
P4n4s0n1c
P4nasoni
P4nd4m4N
p4ntsAND
p4p4raZZi
P4Password
P4PP4r4pp4
p4ssHERO
p4ssp0rtcJ
P4ssp4ss
P4ssport
P4ssw0rd
P4ssW0rd
P4ssw0rt
P4ssword
P4tejxl462
P4tience
P4Tjx0eF
P4tr0lM0d3
p4zzw3rdzX1
P50v3r8s
P-51DB17
P51DMust
P51f22yF
P51mustang
P51Pilot
P53-dW-s
P@553ord
P@55w0rd
P@55w0rd!
P@55w0rd123
P@55word
P@55Word
p595mL88
p5dIyoP6
p5fNQyE839
P5j7rNmH
p5nesliV2
P5t4e2a1
p5vVQlqp
P5yc|-|0
P5ych0n4ut5
P5ychiatrist
P6511ami
p6dT6D5v
P6jQd5d1
P6NCff3162
P6ota2N224
P6ssw0rd
P6tter6;6
p6XZleL6
P71VyEg593
p72SULn5
P7pFhH97
p80JGf5368
p8AXsgy9
P8BO4Lq791
p8DDh7L434
P8ezac3e
P8GBTA56
P8ntball
p8R4SFE772
P8ttern1
P8v6m712
P911carr
P94R7vWs
P94rtG67
P@9866word
P9BaNQ54
P9Doowi374
p9IxNft9
P9VZOFv656
PA11word
Pa22w0rd
Pa22word
Pa22WorD
Pa33word
pA3fw7J472
pa3ZDKe556
Pa44w0rded
Pa44word
Pa54word
Pa55DaEASL
pA55w0rd
Pa55w0rd
Pa55w0rd1
pa55worD
pA55word
Pa55word
PA55word
Pa55word11
Pa55Word5!
Pa55w()rd
Pa66w0rD
Pa77oert
pA7XJl58
Pa88at34
Paard1337
Paashaas13
Pab278rw
Pab9nuci
Pablito1
Pablo-11
Pablo200
Pablos77
pACA1010
PACE1234
Pacers33
Paceys11
PACHECO01
PACHITA1234
Pachupa69
Pacific08
Pacific23
Pacific7
PacificSun2009
Pacino21
Pack7225!
Packard1708
packardBH1
Packer64
Packers0
Packers1
PackerS37
Packers4
Packers7
Packers9
Packets532
PACMAN00
Pacman66
Pacman9195
Paco1234
Paco2002
PacxZgi917
PAD5VEPA
Padalko1981
PadanfaiN79
Paddg42Marvin
Paddie11
Paddle89
paddyD1nka
PadetPid8
PadFoot78
Padi2013
Padmac13
Padman13
Padrenuestro2
Padres01
Pagan123
paIge517
Paige660
PaigeLauren1234
Paigeryan1
Pain3rin
Painful1
Painkiller2
Paintball1
Paintball23
Paisley25
Paisley6
Paiste16
paj6*ZUQ
pAJaLug4
pajERO90
PajeroCuliao12
Pajkaffe1
PAJwbv0183
Pakis138
Pakistan@
PAKISTAN02
Pakistan1
Pakistan123
Pakistan1947
PAKISTANI123
Pakrac1989
Pal215adin
Pal32ver21z
Palace15
Palace9*
Palace98
Paladin07
Paladin1
Paladin15
Paladin1541
Paladin7
Paladin9
Palani$123
palaVer6891
Palazzo6
Palencia1987
palermoCT1
Palestine46
Palestine91
Palikka234
Palladium2
Pallas17
Pallen01
Pallien01
Palliser1
Pallydan1
Palm-Bea
Palmela2011
Palmen00
PALMm130
Palmtree741
PALM!TREES
PalmTrees89
Paloma8*
Palos^78
PALpjl92
Palynth1
Pam7brian
Pamacia1
Pamacs42
Pamela12
PAMELA596
Pamela67
Pamelared1
PaMo1804
Pampa1369
Pamqwer1
-pAMu3oa3
Pan9da10a
panacea123Q
Panama12
Panama99
Panas0niC
Panasonic1.
Panasonic2
Panasonic4$
Panasonic87bogey
Panasonic93
Panathinaikos13
Pancake4
Pancakes.
Pancakes15
Pancho19
PANCHO52
Panda007
Panda#05
Panda07w
Panda115
Panda123
pAndA16*
Panda200
Panda875
Panda997
Pandachimp1
PANDA_LUV1
Pandaman123
Pandamon1um
pandaP00
Pandapuff1
Pandaren2
pandaZ98
Pander14
Pandoo69
Pandora03
Pandora07
Pandora305
panDora6
Pandora#84
Pandur80
PandyDora4
Panegai11
Pangrazi_1
PANIC!08
Panic182
Panic2011
Panic256
PaniniP9
Panino123
Paniolo1
PanKa007
Pankur19
PanoramiX99
Pansen251
Pansen66
Pantakan5
$Panter84
Panter8a
Panter90
Panter99
Pantera1
Pantera36
Pantera90
Panther1
PANTHER1
panthEr2
PANTHER2
Panther456
Panther47
Panther7
Panther8
Panther89
panther8OES
Panther9
Panther9066
Panthera1
Panthers!@#
Panthers4
Panthers89
Panthers98
PanThO123AbA
Pantium1234@
Pant@ra6
Pantser1993
panzeR101
Panzer123
Panzer3k
Panzer88
PANZERFAUST88
paOJiLT451
PAOKx5N1
Paolina123
PAOOLE13
PAoVemW299
Papa1511
PaPa1951
PAPABEAR0806
Papabear6
Papahi98
papaMS3k
Papaniko61
Papas1981
PaPaver2
Paperbo1
Papercl1p
Paper$Cut
Paperjam1
Papi7475
Papito123
PAPKkJa669
Papnase2009
Papounet82
Pappa123
PappaG1976
Pappal377
Pappan18
Pappas37
Pappy3648
Pappy9891
Paproch2
Papukaija1
Paquare98
PAR0LLee
Para11el
PARA19more
para89Dise
Parachute1
Parad1gm
Paradigm0
paradigmA9
Paradign1
PARADIS81
Paradise1
Paradise20
Paradise669
Paradise69
Paradise9
Paradox1
Paradox2
PARADOX7
PaRaDuPa78
Paragraf22
PARAiso3
Parallar12
Param0re
PARAmecium1
Paramore2
Paramore86
Paran0id
Paranoid72
Paraworld1
PARDINIPC9
Pardwa23
Paridhi1
Paris!@#
PARIS1004
pAris123
Paris123
PARIS1234
Paris2008
Paris2010
Paris2011
pArk1nSo
PaRk7369
Parker07
Parker11
Parker33
@Parker4
Parker45
Parker70
Parker77
Parkinson1
paRmac85
Parmen10n
Parnika12
Parol101
Parola00
Parola12
Parola123
Parola.33
Parolprinia1
pAroni12
Parool94
Parovski3397
Parr3tt5
Parra8123
Parris97
Parrott13
Parsakaal1
Parsiwal007
parsuDevi08
Partici1
Partiot7
Partner0
Party4Me
Partygirls12
PartyOf5
PartyPatty1
Parul123
parvusJ23
Parzival89
Pas01sap
Pas0rd001
pAs1904_
pas8Jemm
Pasanen96
Pascal123
Pascal16
Pascal88
PaScAl99
Pascha68
PasdeCalais62
Paskanaama28
Paskaperuna1
P.a.s.s.
Pass00Wo
Pass00Word
Pass1007
Pass@123
Pass123!
Pass123$
Pass1234
Pass1286
Pass1313
Pass134@
Pass18Wd
Pass1980
Pass1wor
Pass1Wor
Pass1word
Pass2007
Pass2009
Pass21-0
Pass!234
Pass2460
Pass2512
Pass2aha
PASS3165
Pass4321
Pass4forum
Pass4gaming
Pass4now
Pass50wo
Passat07
Passat08
Passat09
Passat19
Passatas48
PASS.cod
Passcode09
PassCode22
passcodE956
Passer14
Passes12
PassGas1
passinG0931
Passion0
Passion2130
Passion5
Passion8
passionof*JC
Passklk5
Pass:mein
passmoT1
Passord1
Passord123
PaSSord123
Passord3
Passport1
Passport2
passport75J
Passrm94
Passrob1
Pass_th1s
PASS_TOO_SHORT
**passw0RD
passW0rd
Passw0rd
#Passw0rd
Passw0rd_!
Passw0rd!
PassW0rd
PASSW0RD
Passw0rd01
Passw0rd08
Passw0rd1
Passw0rd12
Passw0rd2
Passw0rd23
Passw0rd76
Passw0rd8
Passw0rd@945
Passw0rdexpired
Passw0rld
Passw64rd
passW7682
passW9853
!Passwor
PAss_wor
passWORD%$
Pass_word
Pass.word
Password~!
Password!
Password!!
Password?
Password.
Password0
Password01
Password0185
Password03
Password0909
Password1
Password-1
Password#1
Password1!
Password1$
PassWord1
PASSWORD1
PASSWORD10
Password100
Password11
Password12
Pass.word12
Password$12
PASSWORD12
Password123
Password@123
Password1234
Password13
Password1481
paSSwoRD17
Password17
Password18
PASSWORD1973
passWord2
Password2
Password20
PASSWORD2006
PASSword2010
Password24
PassworD28
Password3
Password#3
paSSworD33
Password408
Password42
Password44
Password52
paSSword55
Password55
Password63
Password69
PASSWORD69
Password7
PASSWORD7
Password74
Password84
Password87
Password88
passWORD95
Password99
passwordb@TTL3REDDY
PasswordC8
Passwordek1
Passwordlogin3
PASSWORDNDH53
Passwordwwjd77
Passwort04
Passwort1
Passwort11
Passwort39
Passwort6524
Passwort9
Passwort992
Passwortno1
passX0lama
Pasta1993
pastA321
paSta990
Pastille13
Pastnd059
Pastor12
Pastor21
Pasw00rd
Pas$w0rd
Paswoord1
Paswoord1;
PASWORD1
Pasword5
Pat1ence
Pat3raak
pat53RIP
Patanjali1
Patat112
PAtate01
Patates!
Patatt3n
Pataya89
Patches0
Patches1
Patches123
Patch-work
P!ATD_MCR
Path1970J
Pathf1nd3r
Patience0ne
PatientX316
Patllar123
Patman057
PAtr10t3
Patri1Da
Patrice1
Patrice12
Patrice5
Patricia65
Patrick1
Patrick11
Patrick123
Patrick15
Patrick1989B
Patrick2
PATRICK7
Patrick8
PATRICK8502
Patrick89
Patrick9
Patrickanthony07
Patries1
Patrik1991
Patrik85
Patrik86
Patriot4
Patriot-Army
Patriots03
Patriots1
Patrizia83
Patryk14
Patryk1994
PATRYK27
Patryk91
Pattaya0
Patterson@10
Patti01J
Pattie25
Pattorox19
Patty321
Patukaa1
Patuljak1
Patzmaus2508
paul117pP
Paul11ii
PAUL1212
Paul1947
Paul1969
Paul1979
Paul4597
Paul5934
Paul9716
Paul9811
paulA123
Paula1707
PauLana1g
Paulb531
Paulgb22
PaulGeddes7
Paulhus87
Pauli0062
Paulieboy51
Pauliene88
Paul_jones
PaulK1ng
Paulose8
Pavani01
Pavel1173
Pavilion1
Pavilion70
Pavillion1
Pavlos98
Pavokovic3
Pavoljonas3659
Pavonis9
[Pa$$w0rd]
Pa$$w0rd
Pa$$w0rD
Pa$$w0rd1
Pa$$w0rds
Pa$$w0rdviper
Pawan10_
Pa$$word
Pa$$word1
PAWRdqy445
Paws1949
PAWXxX55
PAxc2006
PAY1BILL
PAYAL@1976
P!ayer181
Payload12
Payne510
Payton03
Payton123
Payton34
pB4ahSE4
PBaertl81
pbaGS001
PBandJ11
PbandJ_5
Pbatour1
pBbuwdB847
PBDC4215
PB&J4ever
pBjCJ9XD
pBLFfBR678
PbLORqi387
pbLPkOD752
pBmfvkB734
Pbmnrsw6
pbNbwwY641
PboguAG845
pBrNCGb6
pBuHoxW722
pC0tOKu5
Pc1IJ6W567
PC5643cd
Pcanal81
P@carp42
Pcdase12
PCDHGmz661
pcdIJK13
PCDijk13
PcdRew4772
Pcforme3
pcgr127O
Pcha2804
P-Chando
PCHat007
Pchtwx47
pCk15mb471
P@cker$0
pClTduF9
Pcoll970
PcyCore0
pcZFo4G184
PCzone007
Pd107Pyr
Pd460mdr
PD5dQyRR
pD7XCcW938
Pd98mvwv
PDC13U6U
P@ddles1
Pdebaat1
Pdeprez2
pDFli0w1
PDIDDY13
Pdiddy37
PDIUh0Z538
pdjt0aS582
PDlCLIb1
Pdlo1994
PdNvSAE9
PdPqbFX9
PDRR3343
PdSyZH3783
PDUB0985
PdVcEeb9
P@$$d@W0
pdZVdZU815
Pe0ple12
pe1FGRE6
pE3bGi27
Pe4chtree
PE4Gener
Pe4vNPz3
Pe5ram81
PeAcE1996
Peace#20
Peace4am
Peace724
PEACE737
Peacefrog1
Peacekeeper95
Peacemaker10
PeaceMonkey89
Peach112
Peach1909
PEACH211
Peaches12
PEACHES12
Peaches1977
Peaches2
Peaches4
Peachy10
Peachy508
PEACYWOW10
PEACYWOW32
PeaHen64
PEan0x83
Peanut01
Peanut02
Peanut12
Peanut13
Peanut20
Peanut65
6gNBwZc756
6GOPpmF8
6GRANDKIDS
6GUGfp88
6GWdRFk2
6Gx8k4J9
6GybpJn681
6Hac6KEr
6Hinata6
6HNbcN46
6Huugo235
6HyhEB6u
6I7FtYPQ
6IBserver
6iidnNb3
6IR5F1Z787
6IRJFfc463
6irqAqZ439
6iYGhBJ464
6j6YXp46
6Jamaspea6
6jAOEHi929
6jIi88sX
6jiyrJv617
6jRrske7
6JrvsO9975
6JsyHN9c
6Junkevrw
6K5cxKMP
6kAqIBy791
6KcjbZd343
6kids4Na
6Ku6N521
6KwGO1v924
